Arguments: 
  /usr/bin/node /mnt/c/Users/Stephen Andrews/AppData/Roaming/npm/node_modules/yarn/bin/yarn.js rm buffer

PATH: 
  /home/stephen/bin:/home/stephen/.cargo/bin:/usr/local/sbin:/usr/local/bin:/usr/sbin:/usr/bin:/sbin:/bin:/usr/games:/usr/local/games:/mnt/c/Program Files (x86)/Common Files/Oracle/Java/javapath:/mnt/c/Users/Stephen Andrews/.windows-build-tools/python27/:/mnt/c/Users/Stephen Andrews/.windows-build-tools/python27/Scripts:/mnt/c/ProgramData/Oracle/Java/javapath:/mnt/c/WINDOWS/system32:/mnt/c/WINDOWS:/mnt/c/WINDOWS/System32/Wbem:/mnt/c/WINDOWS/System32/WindowsPowerShell/v1.0/:/mnt/c/Program Files (x86)/Git/cmd:/mnt/c/Program Files (x86)/Windows Live/Shared:/mnt/c/Program Files (x86)/ATI Technologies/ATI.ACE/Core-Static:/mnt/c/Program Files (x86)/AMD/ATI.ACE/Core-Static:/mnt/c/Program Files/Docker Toolbox:/mnt/c/OpenSSL:/mnt/c/Program Files (x86)/HyperG:/mnt/c/Program Files/Git/cmd:/mnt/c/Program Files/Geth:/mnt/c/ProgramData/chocolatey/bin:/mnt/c/Program Files/Java/jdk1.8.0_144/bin:/mnt/c/Program Files (x86)/GTK2-Runtime/bin:/mnt/c/Program Files (x86)/GtkSharp/2.12/bin:/mnt/c/WINDOWS/System32/OpenSSH/:/mnt/c/Program Files/nodejs/:/mnt/c/ProgramData/Oracle/Java/javapath:/mnt/c/WINDOWS/system32:/mnt/c/WINDOWS:/mnt/c/WINDOWS/System32/Wbem:/mnt/c/WINDOWS/System32/WindowsPowerShell/v1.0/:/mnt/c/Program Files (x86)/Git/cmd:/mnt/c/Program Files (x86)/Windows Live/Shared:/mnt/c/Program Files (x86)/ATI Technologies/ATI.ACE/Core-Static:/mnt/c/Program Files (x86)/Skype/Phone/:/mnt/c/Program Files/nodejs/:/mnt/c/androidsdk/platform-tools:/mnt/c/androidsdk/tools:/mnt/c/phonegap/lib/apache-ant-1.9.6/bin:/mnt/c/Python27:/mnt/c/Program Files/apache-ant-1.9.7/bin:/mnt/c/Users/Stephen Andrews/AppData/Local/Microsoft/WindowsApps:/mnt/c/Program Files/Docker Toolbox:/mnt/c/Program Files (x86)/FAHClient:/mnt/c/Users/Stephen Andrews/AppData/Local/GitHubDesktop/bin:/mnt/c/Users/Stephen Andrews/AppData/Local/Microsoft/WindowsApps:/mnt/c/androidsdk/tools/bin:/mnt/c/androidsdk/emulator:/mnt/c/Users/Stephen Andrews/AppData/Roaming/Dashlane/6.1903.0.16930/bin/Firefox_Extension/{442718d9-475e-452a-b3e1-fb1ee16b8e9f}/components:/mnt/c/Users/Stephen Andrews/AppData/Roaming/Dashlane/6.1903.0.16930/ucrt:/mnt/c/Users/Stephen Andrews/AppData/Roaming/Dashlane/6.1903.0.16930/bin/Qt:/mnt/c/Users/Stephen Andrews/AppData/Roaming/Dashlane/6.1903.0.16930/bin/Ssl:/mnt/c/Users/Stephen Andrews/AppData/Local/Keybase/:/mnt/c/Users/Stephen Andrews/AppData/Roaming/npm:/mnt/c/src/flutter/bin:/snap/bin

Yarn version: 
  1.5.1

Node version: 
  16.1.0

Platform: 
  linux x64

npm manifest: 
  {
    "name": "wrapped_cycles_assets",
    "version": "0.1.0",
    "description": "",
    "keywords": [],
    "scripts": {},
    "dependencies": {
      "@dfinity/agent": "^0.9.1",
      "buffer": "^6.0.3",
      "lodash": "^4.17.21"
    },
    "devDependencies": {
      "serve": "^12.0.0",
      "webpack": "^5.39.0",
      "webpack-cli": "^4.7.2"
    }
  }

yarn manifest: 
  No manifest

Lockfile: 
  # THIS IS AN AUTOGENERATED FILE. DO NOT EDIT THIS FILE DIRECTLY.
  # yarn lockfile v1
  
  
  "@dfinity/agent@^0.9.1":
    "integrity" "sha512-4FhjNQHbVwnzudkrsg/df9U1ICoAlt1DZ1a7+KBZd/IcSLUQcujqTmddO3EgJeDpb6ItgHgrP6tCpa+oY2oEXg=="
    "resolved" "https://registry.npmjs.org/@dfinity/agent/-/agent-0.9.1.tgz"
    "version" "0.9.1"
    dependencies:
      "base64-arraybuffer" "^0.2.0"
      "bignumber.js" "^9.0.0"
      "borc" "^2.1.1"
      "buffer" "^6.0.3"
      "buffer-pipe" "^0.0.4"
      "js-sha256" "0.9.0"
      "simple-cbor" "^0.4.1"
  
  "@dfinity/candid@^0.9.1":
    "integrity" "sha512-5P2Ic3hAf9935qW3uCLDN5FFRTBO3SA7c0n56W9GzIEZZnNXdclO5/3WAnDCfhSjZslRjGfvR225Grd/ekCUoA=="
    "resolved" "https://registry.npmjs.org/@dfinity/candid/-/candid-0.9.1.tgz"
    "version" "0.9.1"
    dependencies:
      "buffer" "^6.0.3"
      "buffer-pipe" "^0.0.4"
  
  "@dfinity/principal@^0.9.1":
    "integrity" "sha512-PWDvGPbSGMotxJhXEvttbwsSyn6gpEqqHVF957LqAqrDwGvWPLvfddJElSIikrook/U49HmtJslE7opWrjvRkA=="
    "resolved" "https://registry.npmjs.org/@dfinity/principal/-/principal-0.9.1.tgz"
    "version" "0.9.1"
  
  "@discoveryjs/json-ext@^0.5.0":
    "integrity" "sha512-Fxt+AfXgjMoin2maPIYzFZnQjAXjAL0PHscM5pRTtatFqB+vZxAM9tLp2Optnuw3QOQC40jTNeGYFOMvyf7v9g=="
    "resolved" "https://registry.npmjs.org/@discoveryjs/json-ext/-/json-ext-0.5.3.tgz"
    "version" "0.5.3"
  
  "@types/eslint-scope@^3.7.0":
    "integrity" "sha512-O/ql2+rrCUe2W2rs7wMR+GqPRcgB6UiqN5RhrR5xruFlY7l9YLMn0ZkDzjoHLeiFkR8MCQZVudUuuvQ2BLC9Qw=="
    "resolved" "https://registry.npmjs.org/@types/eslint-scope/-/eslint-scope-3.7.0.tgz"
    "version" "3.7.0"
    dependencies:
      "@types/eslint" "*"
      "@types/estree" "*"
  
  "@types/eslint@*":
    "integrity" "sha512-LKmQCWAlnVHvvXq4oasNUMTJJb2GwSyTY8+1C7OH5ILR8mPLaljv1jxL1bXW3xB3jFbQxTKxJAvI8PyjB09aBg=="
    "resolved" "https://registry.npmjs.org/@types/eslint/-/eslint-7.2.13.tgz"
    "version" "7.2.13"
    dependencies:
      "@types/estree" "*"
      "@types/json-schema" "*"
  
  "@types/estree@*", "@types/estree@^0.0.47":
    "integrity" "sha512-c5ciR06jK8u9BstrmJyO97m+klJrrhCf9u3rLu3DEAJBirxRqSCvDQoYKmxuYwQI5SZChAWu+tq9oVlGRuzPAg=="
    "resolved" "https://registry.npmjs.org/@types/estree/-/estree-0.0.47.tgz"
    "version" "0.0.47"
  
  "@types/json-schema@*", "@types/json-schema@^7.0.6":
    "integrity" "sha512-cxWFQVseBm6O9Gbw1IWb8r6OS4OhSt3hPZLkFApLjM8TEXROBuQGLAH2i2gZpcXdLBIrpXuTDhH7Vbm1iXmNGA=="
    "resolved" "https://registry.npmjs.org/@types/json-schema/-/json-schema-7.0.7.tgz"
    "version" "7.0.7"
  
  "@types/node@*":
    "integrity" "sha512-zjQ69G564OCIWIOHSXyQEEDpdpGl+G348RAKY0XXy9Z5kU9Vzv1GMNnkar/ZJ8dzXB3COzD9Mo9NtRZ4xfgUww=="
    "resolved" "https://registry.npmjs.org/@types/node/-/node-15.12.2.tgz"
    "version" "15.12.2"
  
  "@webassemblyjs/ast@1.11.0":
    "integrity" "sha512-kX2W49LWsbthrmIRMbQZuQDhGtjyqXfEmmHyEi4XWnSZtPmxY0+3anPIzsnRb45VH/J55zlOfWvZuY47aJZTJg=="
    "resolved" "https://registry.npmjs.org/@webassemblyjs/ast/-/ast-1.11.0.tgz"
    "version" "1.11.0"
    dependencies:
      "@webassemblyjs/helper-numbers" "1.11.0"
      "@webassemblyjs/helper-wasm-bytecode" "1.11.0"
  
  "@webassemblyjs/floating-point-hex-parser@1.11.0":
    "integrity" "sha512-Q/aVYs/VnPDVYvsCBL/gSgwmfjeCb4LW8+TMrO3cSzJImgv8lxxEPM2JA5jMrivE7LSz3V+PFqtMbls3m1exDA=="
    "resolved" "https://registry.npmjs.org/@webassemblyjs/floating-point-hex-parser/-/floating-point-hex-parser-1.11.0.tgz"
    "version" "1.11.0"
  
  "@webassemblyjs/helper-api-error@1.11.0":
    "integrity" "sha512-baT/va95eXiXb2QflSx95QGT5ClzWpGaa8L7JnJbgzoYeaA27FCvuBXU758l+KXWRndEmUXjP0Q5fibhavIn8w=="
    "resolved" "https://registry.npmjs.org/@webassemblyjs/helper-api-error/-/helper-api-error-1.11.0.tgz"
    "version" "1.11.0"
  
  "@webassemblyjs/helper-buffer@1.11.0":
    "integrity" "sha512-u9HPBEl4DS+vA8qLQdEQ6N/eJQ7gT7aNvMIo8AAWvAl/xMrcOSiI2M0MAnMCy3jIFke7bEee/JwdX1nUpCtdyA=="
    "resolved" "https://registry.npmjs.org/@webassemblyjs/helper-buffer/-/helper-buffer-1.11.0.tgz"
    "version" "1.11.0"
  
  "@webassemblyjs/helper-numbers@1.11.0":
    "integrity" "sha512-DhRQKelIj01s5IgdsOJMKLppI+4zpmcMQ3XboFPLwCpSNH6Hqo1ritgHgD0nqHeSYqofA6aBN/NmXuGjM1jEfQ=="
    "resolved" "https://registry.npmjs.org/@webassemblyjs/helper-numbers/-/helper-numbers-1.11.0.tgz"
    "version" "1.11.0"
    dependencies:
      "@webassemblyjs/floating-point-hex-parser" "1.11.0"
      "@webassemblyjs/helper-api-error" "1.11.0"
      "@xtuc/long" "4.2.2"
  
  "@webassemblyjs/helper-wasm-bytecode@1.11.0":
    "integrity" "sha512-MbmhvxXExm542tWREgSFnOVo07fDpsBJg3sIl6fSp9xuu75eGz5lz31q7wTLffwL3Za7XNRCMZy210+tnsUSEA=="
    "resolved" "https://registry.npmjs.org/@webassemblyjs/helper-wasm-bytecode/-/helper-wasm-bytecode-1.11.0.tgz"
    "version" "1.11.0"
  
  "@webassemblyjs/helper-wasm-section@1.11.0":
    "integrity" "sha512-3Eb88hcbfY/FCukrg6i3EH8H2UsD7x8Vy47iVJrP967A9JGqgBVL9aH71SETPx1JrGsOUVLo0c7vMCN22ytJew=="
    "resolved" "https://registry.npmjs.org/@webassemblyjs/helper-wasm-section/-/helper-wasm-section-1.11.0.tgz"
    "version" "1.11.0"
    dependencies:
      "@webassemblyjs/ast" "1.11.0"
      "@webassemblyjs/helper-buffer" "1.11.0"
      "@webassemblyjs/helper-wasm-bytecode" "1.11.0"
      "@webassemblyjs/wasm-gen" "1.11.0"
  
  "@webassemblyjs/ieee754@1.11.0":
    "integrity" "sha512-KXzOqpcYQwAfeQ6WbF6HXo+0udBNmw0iXDmEK5sFlmQdmND+tr773Ti8/5T/M6Tl/413ArSJErATd8In3B+WBA=="
    "resolved" "https://registry.npmjs.org/@webassemblyjs/ieee754/-/ieee754-1.11.0.tgz"
    "version" "1.11.0"
    dependencies:
      "@xtuc/ieee754" "^1.2.0"
  
  "@webassemblyjs/leb128@1.11.0":
    "integrity" "sha512-aqbsHa1mSQAbeeNcl38un6qVY++hh8OpCOzxhixSYgbRfNWcxJNJQwe2rezK9XEcssJbbWIkblaJRwGMS9zp+g=="
    "resolved" "https://registry.npmjs.org/@webassemblyjs/leb128/-/leb128-1.11.0.tgz"
    "version" "1.11.0"
    dependencies:
      "@xtuc/long" "4.2.2"
  
  "@webassemblyjs/utf8@1.11.0":
    "integrity" "sha512-A/lclGxH6SpSLSyFowMzO/+aDEPU4hvEiooCMXQPcQFPPJaYcPQNKGOCLUySJsYJ4trbpr+Fs08n4jelkVTGVw=="
    "resolved" "https://registry.npmjs.org/@webassemblyjs/utf8/-/utf8-1.11.0.tgz"
    "version" "1.11.0"
  
  "@webassemblyjs/wasm-edit@1.11.0":
    "integrity" "sha512-JHQ0damXy0G6J9ucyKVXO2j08JVJ2ntkdJlq1UTiUrIgfGMmA7Ik5VdC/L8hBK46kVJgujkBIoMtT8yVr+yVOQ=="
    "resolved" "https://registry.npmjs.org/@webassemblyjs/wasm-edit/-/wasm-edit-1.11.0.tgz"
    "version" "1.11.0"
    dependencies:
      "@webassemblyjs/ast" "1.11.0"
      "@webassemblyjs/helper-buffer" "1.11.0"
      "@webassemblyjs/helper-wasm-bytecode" "1.11.0"
      "@webassemblyjs/helper-wasm-section" "1.11.0"
      "@webassemblyjs/wasm-gen" "1.11.0"
      "@webassemblyjs/wasm-opt" "1.11.0"
      "@webassemblyjs/wasm-parser" "1.11.0"
      "@webassemblyjs/wast-printer" "1.11.0"
  
  "@webassemblyjs/wasm-gen@1.11.0":
    "integrity" "sha512-BEUv1aj0WptCZ9kIS30th5ILASUnAPEvE3tVMTrItnZRT9tXCLW2LEXT8ezLw59rqPP9klh9LPmpU+WmRQmCPQ=="
    "resolved" "https://registry.npmjs.org/@webassemblyjs/wasm-gen/-/wasm-gen-1.11.0.tgz"
    "version" "1.11.0"
    dependencies:
      "@webassemblyjs/ast" "1.11.0"
      "@webassemblyjs/helper-wasm-bytecode" "1.11.0"
      "@webassemblyjs/ieee754" "1.11.0"
      "@webassemblyjs/leb128" "1.11.0"
      "@webassemblyjs/utf8" "1.11.0"
  
  "@webassemblyjs/wasm-opt@1.11.0":
    "integrity" "sha512-tHUSP5F4ywyh3hZ0+fDQuWxKx3mJiPeFufg+9gwTpYp324mPCQgnuVKwzLTZVqj0duRDovnPaZqDwoyhIO8kYg=="
    "resolved" "https://registry.npmjs.org/@webassemblyjs/wasm-opt/-/wasm-opt-1.11.0.tgz"
    "version" "1.11.0"
    dependencies:
      "@webassemblyjs/ast" "1.11.0"
      "@webassemblyjs/helper-buffer" "1.11.0"
      "@webassemblyjs/wasm-gen" "1.11.0"
      "@webassemblyjs/wasm-parser" "1.11.0"
  
  "@webassemblyjs/wasm-parser@1.11.0":
    "integrity" "sha512-6L285Sgu9gphrcpDXINvm0M9BskznnzJTE7gYkjDbxET28shDqp27wpruyx3C2S/dvEwiigBwLA1cz7lNUi0kw=="
    "resolved" "https://registry.npmjs.org/@webassemblyjs/wasm-parser/-/wasm-parser-1.11.0.tgz"
    "version" "1.11.0"
    dependencies:
      "@webassemblyjs/ast" "1.11.0"
      "@webassemblyjs/helper-api-error" "1.11.0"
      "@webassemblyjs/helper-wasm-bytecode" "1.11.0"
      "@webassemblyjs/ieee754" "1.11.0"
      "@webassemblyjs/leb128" "1.11.0"
      "@webassemblyjs/utf8" "1.11.0"
  
  "@webassemblyjs/wast-printer@1.11.0":
    "integrity" "sha512-Fg5OX46pRdTgB7rKIUojkh9vXaVN6sGYCnEiJN1GYkb0RPwShZXp6KTDqmoMdQPKhcroOXh3fEzmkWmCYaKYhQ=="
    "resolved" "https://registry.npmjs.org/@webassemblyjs/wast-printer/-/wast-printer-1.11.0.tgz"
    "version" "1.11.0"
    dependencies:
      "@webassemblyjs/ast" "1.11.0"
      "@xtuc/long" "4.2.2"
  
  "@webpack-cli/configtest@^1.0.4":
    "integrity" "sha512-cs3XLy+UcxiP6bj0A6u7MLLuwdXJ1c3Dtc0RkKg+wiI1g/Ti1om8+/2hc2A2B60NbBNAbMgyBMHvyymWm/j4wQ=="
    "resolved" "https://registry.npmjs.org/@webpack-cli/configtest/-/configtest-1.0.4.tgz"
    "version" "1.0.4"
  
  "@webpack-cli/info@^1.3.0":
    "integrity" "sha512-ASiVB3t9LOKHs5DyVUcxpraBXDOKubYu/ihHhU+t1UPpxsivg6Od2E2qU4gJCekfEddzRBzHhzA/Acyw/mlK/w=="
    "resolved" "https://registry.npmjs.org/@webpack-cli/info/-/info-1.3.0.tgz"
    "version" "1.3.0"
    dependencies:
      "envinfo" "^7.7.3"
  
  "@webpack-cli/serve@^1.5.1":
    "integrity" "sha512-4vSVUiOPJLmr45S8rMGy7WDvpWxfFxfP/Qx/cxZFCfvoypTYpPPL1X8VIZMe0WTA+Jr7blUxwUSEZNkjoMTgSw=="
    "resolved" "https://registry.npmjs.org/@webpack-cli/serve/-/serve-1.5.1.tgz"
    "version" "1.5.1"
  
  "@xtuc/ieee754@^1.2.0":
    "integrity" "sha512-DX8nKgqcGwsc0eJSqYt5lwP4DH5FlHnmuWWBRy7X0NcaGR0ZtuyeESgMwTYVEtxmsNGY+qit4QYT/MIYTOTPeA=="
    "resolved" "https://registry.npmjs.org/@xtuc/ieee754/-/ieee754-1.2.0.tgz"
    "version" "1.2.0"
  
  "@xtuc/long@4.2.2":
    "integrity" "sha512-NuHqBY1PB/D8xU6s/thBgOAiAP7HOYDQ32+BFZILJ8ivkUkAHQnWfn6WhL79Owj1qmUnoN/YPhktdIoucipkAQ=="
    "resolved" "https://registry.npmjs.org/@xtuc/long/-/long-4.2.2.tgz"
    "version" "4.2.2"
  
  "@zeit/schemas@2.6.0":
    "integrity" "sha512-uUrgZ8AxS+Lio0fZKAipJjAh415JyrOZowliZAzmnJSsf7piVL5w+G0+gFJ0KSu3QRhvui/7zuvpLz03YjXAhg=="
    "resolved" "https://registry.npmjs.org/@zeit/schemas/-/schemas-2.6.0.tgz"
    "version" "2.6.0"
  
  "accepts@~1.3.5":
    "integrity" "sha512-Il80Qs2WjYlJIBNzNkK6KYqlVMTbZLXgHx2oT0pU/fjRHyEp+PEfEPY0R3WCwAGVOtauxh1hOxNgIf5bv7dQpA=="
    "resolved" "https://registry.npmjs.org/accepts/-/accepts-1.3.7.tgz"
    "version" "1.3.7"
    dependencies:
      "mime-types" "~2.1.24"
      "negotiator" "0.6.2"
  
  "acorn@^8.2.1":
    "integrity" "sha512-ULr0LDaEqQrMFGyQ3bhJkLsbtrQ8QibAseGZeaSUiT/6zb9IvIkomWHJIvgvwad+hinRAgsI51JcWk2yvwyL+w=="
    "resolved" "https://registry.npmjs.org/acorn/-/acorn-8.4.0.tgz"
    "version" "8.4.0"
  
  "ajv-keywords@^3.5.2":
    "integrity" "sha512-5p6WTN0DdTGVQk6VjcEju19IgaHudalcfabD7yhDGeA6bcQnmL+CpveLJq/3hvfwd1aof6L386Ougkx6RfyMIQ=="
    "resolved" "https://registry.npmjs.org/ajv-keywords/-/ajv-keywords-3.5.2.tgz"
    "version" "3.5.2"
  
  "ajv@^6.12.5", "ajv@^6.9.1", "ajv@6.12.6":
    "integrity" "sha512-j3fVLgvTo527anyYyJOGTYJbG+vnnQYvE0m5mmkc1TK+nxAppkCLMIL0aZ4dblVCNoGShhm+kzE4ZUykBoMg4g=="
    "resolved" "https://registry.npmjs.org/ajv/-/ajv-6.12.6.tgz"
    "version" "6.12.6"
    dependencies:
      "fast-deep-equal" "^3.1.1"
      "fast-json-stable-stringify" "^2.0.0"
      "json-schema-traverse" "^0.4.1"
      "uri-js" "^4.2.2"
  
  "ansi-align@^2.0.0":
    "integrity" "sha1-w2rsy6VjuJzrVW82kPCx2eNUf38="
    "resolved" "https://registry.npmjs.org/ansi-align/-/ansi-align-2.0.0.tgz"
    "version" "2.0.0"
    dependencies:
      "string-width" "^2.0.0"
  
  "ansi-regex@^3.0.0":
    "integrity" "sha1-7QMXwyIGT3lGbAKWa922Bas32Zg="
    "resolved" "https://registry.npmjs.org/ansi-regex/-/ansi-regex-3.0.0.tgz"
    "version" "3.0.0"
  
  "ansi-styles@^3.2.1":
    "integrity" "sha512-VT0ZI6kZRdTh8YyJw3SMbYm/u+NqfsAxEpWO0Pf9sq8/e94WxxOpPKx9FR1FlyCtOVDNOQ+8ntlqFxiRc+r5qA=="
    "resolved" "https://registry.npmjs.org/ansi-styles/-/ansi-styles-3.2.1.tgz"
    "version" "3.2.1"
    dependencies:
      "color-convert" "^1.9.0"
  
  "arch@^2.1.1":
    "integrity" "sha512-Of/R0wqp83cgHozfIYLbBMnej79U/SVGOOyuB3VVFv1NRM/PSFMK12x9KVtiYzJqmnU5WR2qp0Z5rHb7sWGnFQ=="
    "resolved" "https://registry.npmjs.org/arch/-/arch-2.2.0.tgz"
    "version" "2.2.0"
  
  "arg@2.0.0":
    "integrity" "sha512-XxNTUzKnz1ctK3ZIcI2XUPlD96wbHP2nGqkPKpvk/HNRlPveYrXIVSTk9m3LcqOgDPg3B1nMvdV/K8wZd7PG4w=="
    "resolved" "https://registry.npmjs.org/arg/-/arg-2.0.0.tgz"
    "version" "2.0.0"
  
  "balanced-match@^1.0.0":
    "integrity" "sha512-3oSeUO0TMV67hN1AmbXsK4yaqU7tjiHlbxRDZOpH0KW9+CeX4bRAaX0Anxt0tx2MrpRpWwQaPwIlISEJhYU5Pw=="
    "resolved" "https://registry.npmjs.org/balanced-match/-/balanced-match-1.0.2.tgz"
    "version" "1.0.2"
  
  "base64-arraybuffer@^0.2.0":
    "integrity" "sha512-7emyCsu1/xiBXgQZrscw/8KPRT44I4Yq9Pe6EGs3aPRTsWuggML1/1DTuZUuIaJPIm1FTDUVXl4x/yW8s0kQDQ=="
    "resolved" "https://registry.npmjs.org/base64-arraybuffer/-/base64-arraybuffer-0.2.0.tgz"
    "version" "0.2.0"
  
  "base64-js@^1.3.1":
    "integrity" "sha512-AKpaYlHn8t4SVbOHCy+b5+KKgvR4vrsD8vbvrbiQJps7fKDTkjkDry6ji0rUJjC0kzbNePLwzxq8iypo41qeWA=="
    "resolved" "https://registry.npmjs.org/base64-js/-/base64-js-1.5.1.tgz"
    "version" "1.5.1"
  
  "bignumber.js@^9.0.0":
    "integrity" "sha512-IdZR9mh6ahOBv/hYGiXyVuyCetmGJhtYkqLBpTStdhEGjegpPlUawydyaF3pbIOFynJTpllEs+NP+CS9jKFLjA=="
    "resolved" "https://registry.npmjs.org/bignumber.js/-/bignumber.js-9.0.1.tgz"
    "version" "9.0.1"
  
  "borc@^2.1.1":
    "integrity" "sha512-Sy9eoUi4OiKzq7VovMn246iTo17kzuyHJKomCfpWMlI6RpfN1gk95w7d7gH264nApVLg0HZfcpz62/g4VH1Y4w=="
    "resolved" "https://registry.npmjs.org/borc/-/borc-2.1.2.tgz"
    "version" "2.1.2"
    dependencies:
      "bignumber.js" "^9.0.0"
      "buffer" "^5.5.0"
      "commander" "^2.15.0"
      "ieee754" "^1.1.13"
      "iso-url" "~0.4.7"
      "json-text-sequence" "~0.1.0"
      "readable-stream" "^3.6.0"
  
  "boxen@1.3.0":
    "integrity" "sha512-TNPjfTr432qx7yOjQyaXm3dSR0MH9vXp7eT1BFSl/C51g+EFnOR9hTg1IreahGBmDNCehscshe45f+C1TBZbLw=="
    "resolved" "https://registry.npmjs.org/boxen/-/boxen-1.3.0.tgz"
    "version" "1.3.0"
    dependencies:
      "ansi-align" "^2.0.0"
      "camelcase" "^4.0.0"
      "chalk" "^2.0.1"
      "cli-boxes" "^1.0.0"
      "string-width" "^2.0.0"
      "term-size" "^1.2.0"
      "widest-line" "^2.0.0"
  
  "brace-expansion@^1.1.7":
    "integrity" "sha512-iCuPHDFgrHX7H2vEI/5xpz07zSHB00TpugqhmYtVmMO6518mCuRMoOYFldEBl0g187ufozdaHgWKcYFb61qGiA=="
    "resolved" "https://registry.npmjs.org/brace-expansion/-/brace-expansion-1.1.11.tgz"
    "version" "1.1.11"
    dependencies:
      "balanced-match" "^1.0.0"
      "concat-map" "0.0.1"
  
  "browserslist@^4.14.5":
    "integrity" "sha512-Wspk/PqO+4W9qp5iUTJsa1B/QrYn1keNCcEP5OvP7WBwT4KaDly0uONYmC6Xa3Z5IqnUgS0KcgLYu1l74x0ZXQ=="
    "resolved" "https://registry.npmjs.org/browserslist/-/browserslist-4.16.6.tgz"
    "version" "4.16.6"
    dependencies:
      "caniuse-lite" "^1.0.30001219"
      "colorette" "^1.2.2"
      "electron-to-chromium" "^1.3.723"
      "escalade" "^3.1.1"
      "node-releases" "^1.1.71"
  
  "buffer-from@^1.0.0":
    "integrity" "sha512-MQcXEUbCKtEo7bhqEs6560Hyd4XaovZlO/k9V3hjVUF/zwW7KBVdSK4gIt/bzwS9MbR5qob+F5jusZsb0YQK2A=="
    "resolved" "https://registry.npmjs.org/buffer-from/-/buffer-from-1.1.1.tgz"
    "version" "1.1.1"
  
  "buffer-pipe@^0.0.4":
    "integrity" "sha512-8cHio1V6wgX+LIX6+af4tCn0+Ljl2vQd9JZdZ8vDJZdDf8x5p2DneKaq1dWxSswJG+sK4Inok9aqoqILG5kQVQ=="
    "resolved" "https://registry.npmjs.org/buffer-pipe/-/buffer-pipe-0.0.4.tgz"
    "version" "0.0.4"
    dependencies:
      "safe-buffer" "^5.1.2"
  
  "buffer@^5.5.0":
    "integrity" "sha512-EHcyIPBQ4BSGlvjB16k5KgAJ27CIsHY/2JBmCRReo48y9rQ3MaUzWX3KVlBa4U7MyX02HdVj0K7C3WaB3ju7FQ=="
    "resolved" "https://registry.npmjs.org/buffer/-/buffer-5.7.1.tgz"
    "version" "5.7.1"
    dependencies:
      "base64-js" "^1.3.1"
      "ieee754" "^1.1.13"
  
  "buffer@^6.0.3":
    "integrity" "sha512-FTiCpNxtwiZZHEZbcbTIcZjERVICn9yq/pDFkTl95/AxzD1naBctN7YO68riM/gLSDY7sdrMby8hofADYuuqOA=="
    "resolved" "https://registry.npmjs.org/buffer/-/buffer-6.0.3.tgz"
    "version" "6.0.3"
    dependencies:
      "base64-js" "^1.3.1"
      "ieee754" "^1.2.1"
  
  "bytes@3.0.0":
    "integrity" "sha1-0ygVQE1olpn4Wk6k+odV3ROpYEg="
    "resolved" "https://registry.npmjs.org/bytes/-/bytes-3.0.0.tgz"
    "version" "3.0.0"
  
  "camelcase@^4.0.0":
    "integrity" "sha1-1UVjW+HjPFQmScaRc+Xeas+uNN0="
    "resolved" "https://registry.npmjs.org/camelcase/-/camelcase-4.1.0.tgz"
    "version" "4.1.0"
  
  "caniuse-lite@^1.0.30001219":
    "integrity" "sha512-pDHgRndit6p1NR2GhzMbQ6CkRrp4VKuSsqbcLeOQppYPKOYkKT/6ZvZDvKJUqcmtyWIAHuZq3SVS2vc1egCZzw=="
    "resolved" "https://registry.npmjs.org/caniuse-lite/-/caniuse-lite-1.0.30001237.tgz"
    "version" "1.0.30001237"
  
  "chalk@^2.0.1", "chalk@2.4.1":
    "integrity" "sha512-ObN6h1v2fTJSmUXoS3nMQ92LbDK9be4TV+6G+omQlGJFdcUX5heKi1LZ1YnRMIgwTLEj3E24bT6tYni50rlCfQ=="
    "resolved" "https://registry.npmjs.org/chalk/-/chalk-2.4.1.tgz"
    "version" "2.4.1"
    dependencies:
      "ansi-styles" "^3.2.1"
      "escape-string-regexp" "^1.0.5"
      "supports-color" "^5.3.0"
  
  "chrome-trace-event@^1.0.2":
    "integrity" "sha512-p3KULyQg4S7NIHixdwbGX+nFHkoBiA4YQmyWtjb8XngSKV124nJmRysgAeujbUVb15vh+RvFUfCPqU7rXk+hZg=="
    "resolved" "https://registry.npmjs.org/chrome-trace-event/-/chrome-trace-event-1.0.3.tgz"
    "version" "1.0.3"
  
  "cli-boxes@^1.0.0":
    "integrity" "sha1-T6kXw+WclKAEzWH47lCdplFocUM="
    "resolved" "https://registry.npmjs.org/cli-boxes/-/cli-boxes-1.0.0.tgz"
    "version" "1.0.0"
  
  "clipboardy@2.3.0":
    "integrity" "sha512-mKhiIL2DrQIsuXMgBgnfEHOZOryC7kY7YO//TN6c63wlEm3NG5tz+YgY5rVi29KCmq/QQjKYvM7a19+MDOTHOQ=="
    "resolved" "https://registry.npmjs.org/clipboardy/-/clipboardy-2.3.0.tgz"
    "version" "2.3.0"
    dependencies:
      "arch" "^2.1.1"
      "execa" "^1.0.0"
      "is-wsl" "^2.1.1"
  
  "clone-deep@^4.0.1":
    "integrity" "sha512-neHB9xuzh/wk0dIHweyAXv2aPGZIVk3pLMe+/RNzINf17fe0OG96QroktYAUm7SM1PBnzTabaLboqqxDyMU+SQ=="
    "resolved" "https://registry.npmjs.org/clone-deep/-/clone-deep-4.0.1.tgz"
    "version" "4.0.1"
    dependencies:
      "is-plain-object" "^2.0.4"
      "kind-of" "^6.0.2"
      "shallow-clone" "^3.0.0"
  
  "color-convert@^1.9.0":
    "integrity" "sha512-QfAUtd+vFdAtFQcC8CCyYt1fYWxSqAiK2cSD6zDB8N3cpsEBAvRxp9zOGg6G/SHHJYAT88/az/IuDGALsNVbGg=="
    "resolved" "https://registry.npmjs.org/color-convert/-/color-convert-1.9.3.tgz"
    "version" "1.9.3"
    dependencies:
      "color-name" "1.1.3"
  
  "color-name@1.1.3":
    "integrity" "sha1-p9BVi9icQveV3UIyj3QIMcpTvCU="
    "resolved" "https://registry.npmjs.org/color-name/-/color-name-1.1.3.tgz"
    "version" "1.1.3"
  
  "colorette@^1.2.1", "colorette@^1.2.2":
    "integrity" "sha512-MKGMzyfeuutC/ZJ1cba9NqcNpfeqMUcYmyF1ZFY6/Cn7CNSAKx6a+s48sqLqyAiZuaP2TcqMhoo+dlwFnVxT9w=="
    "resolved" "https://registry.npmjs.org/colorette/-/colorette-1.2.2.tgz"
    "version" "1.2.2"
  
  "commander@^2.15.0", "commander@^2.20.0":
    "integrity" "sha512-GpVkmM8vF2vQUkj2LvZmD35JxeJOLCwJ9cUkugyk2nuhbv3+mJvpLYYt+0+USMxE+oj+ey/lJEnhZw75x/OMcQ=="
    "resolved" "https://registry.npmjs.org/commander/-/commander-2.20.3.tgz"
    "version" "2.20.3"
  
  "commander@^7.0.0":
    "integrity" "sha512-QrWXB+ZQSVPmIWIhtEO9H+gwHaMGYiF5ChvoJ+K9ZGHG/sVsa6yiesAD1GC/x46sET00Xlwo1u49RVVVzvcSkw=="
    "resolved" "https://registry.npmjs.org/commander/-/commander-7.2.0.tgz"
    "version" "7.2.0"
  
  "compressible@~2.0.14":
    "integrity" "sha512-AF3r7P5dWxL8MxyITRMlORQNaOA2IkAFaTr4k7BUumjPtRpGDTZpl0Pb1XCO6JeDCBdp126Cgs9sMxqSjgYyRg=="
    "resolved" "https://registry.npmjs.org/compressible/-/compressible-2.0.18.tgz"
    "version" "2.0.18"
    dependencies:
      "mime-db" ">= 1.43.0 < 2"
  
  "compression@1.7.3":
    "integrity" "sha512-HSjyBG5N1Nnz7tF2+O7A9XUhyjru71/fwgNb7oIsEVHR0WShfs2tIS/EySLgiTe98aOK18YDlMXpzjCXY/n9mg=="
    "resolved" "https://registry.npmjs.org/compression/-/compression-1.7.3.tgz"
    "version" "1.7.3"
    dependencies:
      "accepts" "~1.3.5"
      "bytes" "3.0.0"
      "compressible" "~2.0.14"
      "debug" "2.6.9"
      "on-headers" "~1.0.1"
      "safe-buffer" "5.1.2"
      "vary" "~1.1.2"
  
  "concat-map@0.0.1":
    "integrity" "sha1-2Klr13/Wjfd5OnMDajug1UBdR3s="
    "resolved" "https://registry.npmjs.org/concat-map/-/concat-map-0.0.1.tgz"
    "version" "0.0.1"
  
  "content-disposition@0.5.2":
    "integrity" "sha1-DPaLud318r55YcOoUXjLhdunjLQ="
    "resolved" "https://registry.npmjs.org/content-disposition/-/content-disposition-0.5.2.tgz"
    "version" "0.5.2"
  
  "cross-spawn@^5.0.1":
    "integrity" "sha1-6L0O/uWPz/b4+UUQoKVUu/ojVEk="
    "resolved" "https://registry.npmjs.org/cross-spawn/-/cross-spawn-5.1.0.tgz"
    "version" "5.1.0"
    dependencies:
      "lru-cache" "^4.0.1"
      "shebang-command" "^1.2.0"
      "which" "^1.2.9"
  
  "cross-spawn@^6.0.0":
    "integrity" "sha512-eTVLrBSt7fjbDygz805pMnstIs2VTBNkRm0qxZd+M7A5XDdxVRWO5MxGBXZhjY4cqLYLdtrGqRf8mBPmzwSpWQ=="
    "resolved" "https://registry.npmjs.org/cross-spawn/-/cross-spawn-6.0.5.tgz"
    "version" "6.0.5"
    dependencies:
      "nice-try" "^1.0.4"
      "path-key" "^2.0.1"
      "semver" "^5.5.0"
      "shebang-command" "^1.2.0"
      "which" "^1.2.9"
  
  "cross-spawn@^7.0.3":
    "integrity" "sha512-iRDPJKUPVEND7dHPO8rkbOnPpyDygcDFtWjpeWNCgy8WP2rXcxXL8TskReQl6OrB2G7+UJrags1q15Fudc7G6w=="
    "resolved" "https://registry.npmjs.org/cross-spawn/-/cross-spawn-7.0.3.tgz"
    "version" "7.0.3"
    dependencies:
      "path-key" "^3.1.0"
      "shebang-command" "^2.0.0"
      "which" "^2.0.1"
  
  "debug@2.6.9":
    "integrity" "sha512-bC7ElrdJaJnPbAP+1EotYvqZsb3ecl5wi6Bfi6BJTUcNowp6cvspg0jXznRTKDjm/E7AdgFBVeAPVMNcKGsHMA=="
    "resolved" "https://registry.npmjs.org/debug/-/debug-2.6.9.tgz"
    "version" "2.6.9"
    dependencies:
      "ms" "2.0.0"
  
  "deep-extend@^0.6.0":
    "integrity" "sha512-LOHxIOaPYdHlJRtCQfDIVZtfw/ufM8+rVj649RIHzcm/vGwQRXFt6OPqIFWsm2XEMrNIEtWR64sY1LEKD2vAOA=="
    "resolved" "https://registry.npmjs.org/deep-extend/-/deep-extend-0.6.0.tgz"
    "version" "0.6.0"
  
  "delimit-stream@0.1.0":
    "integrity" "sha1-m4MZR3wOX4rrPONXrjBfwl6hzSs="
    "resolved" "https://registry.npmjs.org/delimit-stream/-/delimit-stream-0.1.0.tgz"
    "version" "0.1.0"
  
  "electron-to-chromium@^1.3.723":
    "integrity" "sha512-2Tg+7jSl3oPxgsBsWKh5H83QazTkmWG/cnNwJplmyZc7KcN61+I10oUgaXSVk/NwfvN3BdkKDR4FYuRBQQ2v0A=="
    "resolved" "https://registry.npmjs.org/electron-to-chromium/-/electron-to-chromium-1.3.752.tgz"
    "version" "1.3.752"
  
  "end-of-stream@^1.1.0":
    "integrity" "sha512-+uw1inIHVPQoaVuHzRyXd21icM+cnt4CzD5rW+NC1wjOUSTOs+Te7FOv7AhN7vS9x/oIyhLP5PR1H+phQAHu5Q=="
    "resolved" "https://registry.npmjs.org/end-of-stream/-/end-of-stream-1.4.4.tgz"
    "version" "1.4.4"
    dependencies:
      "once" "^1.4.0"
  
  "enhanced-resolve@^5.8.0":
    "integrity" "sha512-F27oB3WuHDzvR2DOGNTaYy0D5o0cnrv8TeI482VM4kYgQd/FT9lUQwuNsJ0oOHtBUq7eiW5ytqzp7nBFknL+GA=="
    "resolved" "https://registry.npmjs.org/enhanced-resolve/-/enhanced-resolve-5.8.2.tgz"
    "version" "5.8.2"
    dependencies:
      "graceful-fs" "^4.2.4"
      "tapable" "^2.2.0"
  
  "envinfo@^7.7.3":
    "integrity" "sha512-/o+BXHmB7ocbHEAs6F2EnG0ogybVVUdkRunTT2glZU9XAaGmhqskrvKwqXuDfNjEO0LZKWdejEEpnq8aM0tOaw=="
    "resolved" "https://registry.npmjs.org/envinfo/-/envinfo-7.8.1.tgz"
    "version" "7.8.1"
  
  "es-module-lexer@^0.4.0":
    "integrity" "sha512-ooYciCUtfw6/d2w56UVeqHPcoCFAiJdz5XOkYpv/Txl1HMUozpXjz/2RIQgqwKdXNDPSF1W7mJCFse3G+HDyAA=="
    "resolved" "https://registry.npmjs.org/es-module-lexer/-/es-module-lexer-0.4.1.tgz"
    "version" "0.4.1"
  
  "escalade@^3.1.1":
    "integrity" "sha512-k0er2gUkLf8O0zKJiAhmkTnJlTvINGv7ygDNPbeIsX/TJjGJZHuh9B2UxbsaEkmlEo9MfhrSzmhIlhRlI2GXnw=="
    "resolved" "https://registry.npmjs.org/escalade/-/escalade-3.1.1.tgz"
    "version" "3.1.1"
  
  "escape-string-regexp@^1.0.5":
    "integrity" "sha1-G2HAViGQqN/2rjuyzwIAyhMLhtQ="
    "resolved" "https://registry.npmjs.org/escape-string-regexp/-/escape-string-regexp-1.0.5.tgz"
    "version" "1.0.5"
  
  "eslint-scope@5.1.1":
    "integrity" "sha512-2NxwbF/hZ0KpepYN0cNbo+FN6XoK7GaHlQhgx/hIZl6Va0bF45RQOOwhLIy8lQDbuCiadSLCBnH2CFYquit5bw=="
    "resolved" "https://registry.npmjs.org/eslint-scope/-/eslint-scope-5.1.1.tgz"
    "version" "5.1.1"
    dependencies:
      "esrecurse" "^4.3.0"
      "estraverse" "^4.1.1"
  
  "esrecurse@^4.3.0":
    "integrity" "sha512-KmfKL3b6G+RXvP8N1vr3Tq1kL/oCFgn2NYXEtqP8/L3pKapUA4G8cFVaoF3SU323CD4XypR/ffioHmkti6/Tag=="
    "resolved" "https://registry.npmjs.org/esrecurse/-/esrecurse-4.3.0.tgz"
    "version" "4.3.0"
    dependencies:
      "estraverse" "^5.2.0"
  
  "estraverse@^4.1.1":
    "integrity" "sha512-39nnKffWz8xN1BU/2c79n9nB9HDzo0niYUqx6xyqUnyoAnQyyWpOTdZEeiCch8BBu515t4wp9ZmgVfVhn9EBpw=="
    "resolved" "https://registry.npmjs.org/estraverse/-/estraverse-4.3.0.tgz"
    "version" "4.3.0"
  
  "estraverse@^5.2.0":
    "integrity" "sha512-BxbNGGNm0RyRYvUdHpIwv9IWzeM9XClbOxwoATuFdOE7ZE6wHL+HQ5T8hoPM+zHvmKzzsEqhgy0GrQ5X13afiQ=="
    "resolved" "https://registry.npmjs.org/estraverse/-/estraverse-5.2.0.tgz"
    "version" "5.2.0"
  
  "events@^3.2.0":
    "integrity" "sha512-mQw+2fkQbALzQ7V0MY0IqdnXNOeTtP4r0lN9z7AAawCXgqea7bDii20AYrIBrFd/Hx0M2Ocz6S111CaFkUcb0Q=="
    "resolved" "https://registry.npmjs.org/events/-/events-3.3.0.tgz"
    "version" "3.3.0"
  
  "execa@^0.7.0":
    "integrity" "sha1-lEvs00zEHuMqY6n68nrVpl/Fl3c="
    "resolved" "https://registry.npmjs.org/execa/-/execa-0.7.0.tgz"
    "version" "0.7.0"
    dependencies:
      "cross-spawn" "^5.0.1"
      "get-stream" "^3.0.0"
      "is-stream" "^1.1.0"
      "npm-run-path" "^2.0.0"
      "p-finally" "^1.0.0"
      "signal-exit" "^3.0.0"
      "strip-eof" "^1.0.0"
  
  "execa@^1.0.0":
    "integrity" "sha512-adbxcyWV46qiHyvSp50TKt05tB4tK3HcmF7/nxfAdhnox83seTDbwnaqKO4sXRy7roHAIFqJP/Rw/AuEbX61LA=="
    "resolved" "https://registry.npmjs.org/execa/-/execa-1.0.0.tgz"
    "version" "1.0.0"
    dependencies:
      "cross-spawn" "^6.0.0"
      "get-stream" "^4.0.0"
      "is-stream" "^1.1.0"
      "npm-run-path" "^2.0.0"
      "p-finally" "^1.0.0"
      "signal-exit" "^3.0.0"
      "strip-eof" "^1.0.0"
  
  "execa@^5.0.0":
    "integrity" "sha512-8uSpZZocAZRBAPIEINJj3Lo9HyGitllczc27Eh5YYojjMFMn8yHMDMaUHE2Jqfq05D/wucwI4JGURyXt1vchyg=="
    "resolved" "https://registry.npmjs.org/execa/-/execa-5.1.1.tgz"
    "version" "5.1.1"
    dependencies:
      "cross-spawn" "^7.0.3"
      "get-stream" "^6.0.0"
      "human-signals" "^2.1.0"
      "is-stream" "^2.0.0"
      "merge-stream" "^2.0.0"
      "npm-run-path" "^4.0.1"
      "onetime" "^5.1.2"
      "signal-exit" "^3.0.3"
      "strip-final-newline" "^2.0.0"
  
  "fast-deep-equal@^3.1.1":
    "integrity" "sha512-f3qQ9oQy9j2AhBe/H9VC91wLmKBCCU/gDOnKNAYG5hswO7BLKj09Hc5HYNz9cGI++xlpDCIgDaitVs03ATR84Q=="
    "resolved" "https://registry.npmjs.org/fast-deep-equal/-/fast-deep-equal-3.1.3.tgz"
    "version" "3.1.3"
  
  "fast-json-stable-stringify@^2.0.0":
    "integrity" "sha512-lhd/wF+Lk98HZoTCtlVraHtfh5XYijIjalXck7saUtuanSDyLMxnHhSXEDJqHxD7msR8D0uCmqlkwjCV8xvwHw=="
    "resolved" "https://registry.npmjs.org/fast-json-stable-stringify/-/fast-json-stable-stringify-2.1.0.tgz"
    "version" "2.1.0"
  
  "fast-url-parser@1.1.3":
    "integrity" "sha1-9K8+qfNNiicc9YrSs3WfQx8LMY0="
    "resolved" "https://registry.npmjs.org/fast-url-parser/-/fast-url-parser-1.1.3.tgz"
    "version" "1.1.3"
    dependencies:
      "punycode" "^1.3.2"
  
  "fastest-levenshtein@^1.0.12":
    "integrity" "sha512-On2N+BpYJ15xIC974QNVuYGMOlEVt4s0EOI3wwMqOmK1fdDY+FN/zltPV8vosq4ad4c/gJ1KHScUn/6AWIgiow=="
    "resolved" "https://registry.npmjs.org/fastest-levenshtein/-/fastest-levenshtein-1.0.12.tgz"
    "version" "1.0.12"
  
  "find-up@^4.0.0":
    "integrity" "sha512-PpOwAdQ/YlXQ2vj8a3h8IipDuYRi3wceVQQGYWxNINccq40Anw7BlsEXCMbt1Zt+OLA6Fq9suIpIWD0OsnISlw=="
    "resolved" "https://registry.npmjs.org/find-up/-/find-up-4.1.0.tgz"
    "version" "4.1.0"
    dependencies:
      "locate-path" "^5.0.0"
      "path-exists" "^4.0.0"
  
  "function-bind@^1.1.1":
    "integrity" "sha512-yIovAzMX49sF8Yl58fSCWJ5svSLuaibPxXQJFLmBObTuCr0Mf1KiPopGM9NiFjiYBCbfaa2Fh6breQ6ANVTI0A=="
    "resolved" "https://registry.npmjs.org/function-bind/-/function-bind-1.1.1.tgz"
    "version" "1.1.1"
  
  "get-stream@^3.0.0":
    "integrity" "sha1-jpQ9E1jcN1VQVOy+LtsFqhdO3hQ="
    "resolved" "https://registry.npmjs.org/get-stream/-/get-stream-3.0.0.tgz"
    "version" "3.0.0"
  
  "get-stream@^4.0.0":
    "integrity" "sha512-GMat4EJ5161kIy2HevLlr4luNjBgvmj413KaQA7jt4V8B4RDsfpHk7WQ9GVqfYyyx8OS/L66Kox+rJRNklLK7w=="
    "resolved" "https://registry.npmjs.org/get-stream/-/get-stream-4.1.0.tgz"
    "version" "4.1.0"
    dependencies:
      "pump" "^3.0.0"
  
  "get-stream@^6.0.0":
    "integrity" "sha512-ts6Wi+2j3jQjqi70w5AlN8DFnkSwC+MqmxEzdEALB2qXZYV3X/b1CTfgPLGJNMeAWxdPfU8FO1ms3NUfaHCPYg=="
    "resolved" "https://registry.npmjs.org/get-stream/-/get-stream-6.0.1.tgz"
    "version" "6.0.1"
  
  "glob-to-regexp@^0.4.1":
    "integrity" "sha512-lkX1HJXwyMcprw/5YUZc2s7DrpAiHB21/V+E1rHUrVNokkvB6bqMzT0VfV6/86ZNabt1k14YOIaT7nDvOX3Iiw=="
    "resolved" "https://registry.npmjs.org/glob-to-regexp/-/glob-to-regexp-0.4.1.tgz"
    "version" "0.4.1"
  
  "graceful-fs@^4.1.2", "graceful-fs@^4.2.4":
    "integrity" "sha512-nTnJ528pbqxYanhpDYsi4Rd8MAeaBA67+RZ10CM1m3bTAVFEDcd5AuA4a6W5YkGZ1iNXHzZz8T6TBKLeBuNriQ=="
    "resolved" "https://registry.npmjs.org/graceful-fs/-/graceful-fs-4.2.6.tgz"
    "version" "4.2.6"
  
  "has-flag@^3.0.0":
    "integrity" "sha1-tdRU3CGZriJWmfNGfloH87lVuv0="
    "resolved" "https://registry.npmjs.org/has-flag/-/has-flag-3.0.0.tgz"
    "version" "3.0.0"
  
  "has-flag@^4.0.0":
    "integrity" "sha512-EykJT/Q1KjTWctppgIAgfSO0tKVuZUjhgMr17kqTumMl6Afv3EISleU7qZUzoXDFTAHTDC4NOoG/ZxU3EvlMPQ=="
    "resolved" "https://registry.npmjs.org/has-flag/-/has-flag-4.0.0.tgz"
    "version" "4.0.0"
  
  "has@^1.0.3":
    "integrity" "sha512-f2dvO0VU6Oej7RkWJGrehjbzMAjFp5/VKPp5tTpWIV4JHHZK1/BxbFRtf/siA2SWTe09caDmVtYYzWEIbBS4zw=="
    "resolved" "https://registry.npmjs.org/has/-/has-1.0.3.tgz"
    "version" "1.0.3"
    dependencies:
      "function-bind" "^1.1.1"
  
  "human-signals@^2.1.0":
    "integrity" "sha512-B4FFZ6q/T2jhhksgkbEW3HBvWIfDW85snkQgawt07S7J5QXTk6BkNV+0yAeZrM5QpMAdYlocGoljn0sJ/WQkFw=="
    "resolved" "https://registry.npmjs.org/human-signals/-/human-signals-2.1.0.tgz"
    "version" "2.1.0"
  
  "ieee754@^1.1.13", "ieee754@^1.2.1":
    "integrity" "sha512-dcyqhDvX1C46lXZcVqCpK+FtMRQVdIMN6/Df5js2zouUsqG7I6sFxitIC+7KYK29KdXOLHdu9zL4sFnoVQnqaA=="
    "resolved" "https://registry.npmjs.org/ieee754/-/ieee754-1.2.1.tgz"
    "version" "1.2.1"
  
  "import-local@^3.0.2":
    "integrity" "sha512-vjL3+w0oulAVZ0hBHnxa/Nm5TAurf9YLQJDhqRZyqb+VKGOB6LU8t9H1Nr5CIo16vh9XfJTOoHwU0B71S557gA=="
    "resolved" "https://registry.npmjs.org/import-local/-/import-local-3.0.2.tgz"
    "version" "3.0.2"
    dependencies:
      "pkg-dir" "^4.2.0"
      "resolve-cwd" "^3.0.0"
  
  "inherits@^2.0.3":
    "integrity" "sha512-k/vGaX4/Yla3WzyMCvTQOXYeIHvqOKtnqBduzTHpzpQZzAskKMhZ2K+EnBiSM9zGSoIFeMpXKxa4dYeZIQqewQ=="
    "resolved" "https://registry.npmjs.org/inherits/-/inherits-2.0.4.tgz"
    "version" "2.0.4"
  
  "ini@~1.3.0":
    "integrity" "sha512-JV/yugV2uzW5iMRSiZAyDtQd+nxtUnjeLt0acNdw98kKLrvuRVyB80tsREOE7yvGVgalhZ6RNXCmEHkUKBKxew=="
    "resolved" "https://registry.npmjs.org/ini/-/ini-1.3.8.tgz"
    "version" "1.3.8"
  
  "interpret@^2.2.0":
    "integrity" "sha512-Ju0Bz/cEia55xDwUWEa8+olFpCiQoypjnQySseKtmjNrnps3P+xfpUmGr90T7yjlVJmOtybRvPXhKMbHr+fWnw=="
    "resolved" "https://registry.npmjs.org/interpret/-/interpret-2.2.0.tgz"
    "version" "2.2.0"
  
  "is-core-module@^2.2.0":
    "integrity" "sha512-6A2fkfq1rfeQZjxrZJGerpLCTHRNEBiSgnu0+obeJpEPZRUooHgsizvzv0ZjJwOz3iWIHdJtVWJ/tmPr3D21/A=="
    "resolved" "https://registry.npmjs.org/is-core-module/-/is-core-module-2.4.0.tgz"
    "version" "2.4.0"
    dependencies:
      "has" "^1.0.3"
  
  "is-docker@^2.0.0":
    "integrity" "sha512-F+i2BKsFrH66iaUFc0woD8sLy8getkwTwtOBjvs56Cx4CgJDeKQeqfz8wAYiSb8JOprWhHH5p77PbmYCvvUuXQ=="
    "resolved" "https://registry.npmjs.org/is-docker/-/is-docker-2.2.1.tgz"
    "version" "2.2.1"
  
  "is-fullwidth-code-point@^2.0.0":
    "integrity" "sha1-o7MKXE8ZkYMWeqq5O+764937ZU8="
    "resolved" "https://registry.npmjs.org/is-fullwidth-code-point/-/is-fullwidth-code-point-2.0.0.tgz"
    "version" "2.0.0"
  
  "is-plain-object@^2.0.4":
    "integrity" "sha512-h5PpgXkWitc38BBMYawTYMWJHFZJVnBquFE57xFpjB8pJFiF6gZ+bU+WyI/yqXiFR5mdLsgYNaPe8uao6Uv9Og=="
    "resolved" "https://registry.npmjs.org/is-plain-object/-/is-plain-object-2.0.4.tgz"
    "version" "2.0.4"
    dependencies:
      "isobject" "^3.0.1"
  
  "is-stream@^1.1.0":
    "integrity" "sha1-EtSj3U5o4Lec6428hBc66A2RykQ="
    "resolved" "https://registry.npmjs.org/is-stream/-/is-stream-1.1.0.tgz"
    "version" "1.1.0"
  
  "is-stream@^2.0.0":
    "integrity" "sha512-XCoy+WlUr7d1+Z8GgSuXmpuUFC9fOhRXglJMx+dwLKTkL44Cjd4W1Z5P+BQZpr+cR93aGP4S/s7Ftw6Nd/kiEw=="
    "resolved" "https://registry.npmjs.org/is-stream/-/is-stream-2.0.0.tgz"
    "version" "2.0.0"
  
  "is-wsl@^2.1.1":
    "integrity" "sha512-fKzAra0rGJUUBwGBgNkHZuToZcn+TtXHpeCgmkMJMMYx1sQDYaCSyjJBSCa2nH1DGm7s3n1oBnohoVTBaN7Lww=="
    "resolved" "https://registry.npmjs.org/is-wsl/-/is-wsl-2.2.0.tgz"
    "version" "2.2.0"
    dependencies:
      "is-docker" "^2.0.0"
  
  "isexe@^2.0.0":
    "integrity" "sha1-6PvzdNxVb/iUehDcsFctYz8s+hA="
    "resolved" "https://registry.npmjs.org/isexe/-/isexe-2.0.0.tgz"
    "version" "2.0.0"
  
  "iso-url@~0.4.7":
    "integrity" "sha512-27fFRDnPAMnHGLq36bWTpKET+eiXct3ENlCcdcMdk+mjXrb2kw3mhBUg1B7ewAC0kVzlOPhADzQgz1SE6Tglog=="
    "resolved" "https://registry.npmjs.org/iso-url/-/iso-url-0.4.7.tgz"
    "version" "0.4.7"
  
  "isobject@^3.0.1":
    "integrity" "sha1-TkMekrEalzFjaqH5yNHMvP2reN8="
    "resolved" "https://registry.npmjs.org/isobject/-/isobject-3.0.1.tgz"
    "version" "3.0.1"
  
  "jest-worker@^27.0.2":
    "integrity" "sha512-EoBdilOTTyOgmHXtw/cPc+ZrCA0KJMrkXzkrPGNwLmnvvlN1nj7MPrxpT7m+otSv2e1TLaVffzDnE/LB14zJMg=="
    "resolved" "https://registry.npmjs.org/jest-worker/-/jest-worker-27.0.2.tgz"
    "version" "27.0.2"
    dependencies:
      "@types/node" "*"
      "merge-stream" "^2.0.0"
      "supports-color" "^8.0.0"
  
  "js-sha256@0.9.0":
    "integrity" "sha512-sga3MHh9sgQN2+pJ9VYZ+1LPwXOxuBJBA5nrR5/ofPfuiJBE2hnjsaN8se8JznOmGLN2p49Pe5U/ttafcs/apA=="
    "resolved" "https://registry.npmjs.org/js-sha256/-/js-sha256-0.9.0.tgz"
    "version" "0.9.0"
  
  "json-parse-better-errors@^1.0.2":
    "integrity" "sha512-mrqyZKfX5EhL7hvqcV6WG1yYjnjeuYDzDhhcAAUrq8Po85NBQBJP+ZDUT75qZQ98IkUoBqdkExkukOU7Ts2wrw=="
    "resolved" "https://registry.npmjs.org/json-parse-better-errors/-/json-parse-better-errors-1.0.2.tgz"
    "version" "1.0.2"
  
  "json-schema-traverse@^0.4.1":
    "integrity" "sha512-xbbCH5dCYU5T8LcEhhuh7HJ88HXuW3qsI3Y0zOZFKfZEHcpWiHU/Jxzk629Brsab/mMiHQti9wMP+845RPe3Vg=="
    "resolved" "https://registry.npmjs.org/json-schema-traverse/-/json-schema-traverse-0.4.1.tgz"
    "version" "0.4.1"
  
  "json-text-sequence@~0.1.0":
    "integrity" "sha1-py8hfcSvxGKf/1/rME3BvVGi89I="
    "resolved" "https://registry.npmjs.org/json-text-sequence/-/json-text-sequence-0.1.1.tgz"
    "version" "0.1.1"
    dependencies:
      "delimit-stream" "0.1.0"
  
  "kind-of@^6.0.2":
    "integrity" "sha512-dcS1ul+9tmeD95T+x28/ehLgd9mENa3LsvDTtzm3vyBEO7RPptvAD+t44WVXaUjTBRcrpFeFlC8WCruUR456hw=="
    "resolved" "https://registry.npmjs.org/kind-of/-/kind-of-6.0.3.tgz"
    "version" "6.0.3"
  
  "loader-runner@^4.2.0":
    "integrity" "sha512-92+huvxMvYlMzMt0iIOukcwYBFpkYJdpl2xsZ7LrlayO7E8SOv+JJUEK17B/dJIHAOLMfh2dZZ/Y18WgmGtYNw=="
    "resolved" "https://registry.npmjs.org/loader-runner/-/loader-runner-4.2.0.tgz"
    "version" "4.2.0"
  
  "locate-path@^5.0.0":
    "integrity" "sha512-t7hw9pI+WvuwNJXwk5zVHpyhIqzg2qTlklJOf0mVxGSbe3Fp2VieZcduNYjaLDoy6p9uGpQEGWG87WpMKlNq8g=="
    "resolved" "https://registry.npmjs.org/locate-path/-/locate-path-5.0.0.tgz"
    "version" "5.0.0"
    dependencies:
      "p-locate" "^4.1.0"
  
  "lodash@^4.17.21":
    "integrity" "sha512-v2kDEe57lecTulaDIuNTPy3Ry4gLGJ6Z1O3vE1krgXZNrsQ+LFTGHVxVjcXPs17LhbZVGedAJv8XZ1tvj5FvSg=="
    "resolved" "https://registry.npmjs.org/lodash/-/lodash-4.17.21.tgz"
    "version" "4.17.21"
  
  "lru-cache@^4.0.1":
    "integrity" "sha512-sWZlbEP2OsHNkXrMl5GYk/jKk70MBng6UU4YI/qGDYbgf6YbP4EvmqISbXCoJiRKs+1bSpFHVgQxvJ17F2li5g=="
    "resolved" "https://registry.npmjs.org/lru-cache/-/lru-cache-4.1.5.tgz"
    "version" "4.1.5"
    dependencies:
      "pseudomap" "^1.0.2"
      "yallist" "^2.1.2"
  
  "merge-stream@^2.0.0":
    "integrity" "sha512-abv/qOcuPfk3URPfDzmZU1LKmuw8kT+0nIHvKrKgFrwifol/doWcdA4ZqsWQ8ENrFKkd67Mfpo/LovbIUsbt3w=="
    "resolved" "https://registry.npmjs.org/merge-stream/-/merge-stream-2.0.0.tgz"
    "version" "2.0.0"
  
  "mime-db@>= 1.43.0 < 2", "mime-db@1.48.0":
    "integrity" "sha512-FM3QwxV+TnZYQ2aRqhlKBMHxk10lTbMt3bBkMAp54ddrNeVSfcQYOOKuGuy3Ddrm38I04If834fOUSq1yzslJQ=="
    "resolved" "https://registry.npmjs.org/mime-db/-/mime-db-1.48.0.tgz"
    "version" "1.48.0"
  
  "mime-db@~1.33.0":
    "integrity" "sha512-BHJ/EKruNIqJf/QahvxwQZXKygOQ256myeN/Ew+THcAa5q+PjyTTMMeNQC4DZw5AwfvelsUrA6B67NKMqXDbzQ=="
    "resolved" "https://registry.npmjs.org/mime-db/-/mime-db-1.33.0.tgz"
    "version" "1.33.0"
  
  "mime-types@^2.1.27", "mime-types@~2.1.24":
    "integrity" "sha512-XGZnNzm3QvgKxa8dpzyhFTHmpP3l5YNusmne07VUOXxou9CqUqYa/HBy124RqtVh/O2pECas/MOcsDgpilPOPg=="
    "resolved" "https://registry.npmjs.org/mime-types/-/mime-types-2.1.31.tgz"
    "version" "2.1.31"
    dependencies:
      "mime-db" "1.48.0"
  
  "mime-types@2.1.18":
    "integrity" "sha512-lc/aahn+t4/SWV/qcmumYjymLsWfN3ELhpmVuUFjgsORruuZPVSwAQryq+HHGvO/SI2KVX26bx+En+zhM8g8hQ=="
    "resolved" "https://registry.npmjs.org/mime-types/-/mime-types-2.1.18.tgz"
    "version" "2.1.18"
    dependencies:
      "mime-db" "~1.33.0"
  
  "mimic-fn@^2.1.0":
    "integrity" "sha512-OqbOk5oEQeAZ8WXWydlu9HJjz9WVdEIvamMCcXmuqUYjTknH/sqsWvhQ3vgwKFRR1HpjvNBKQ37nbJgYzGqGcg=="
    "resolved" "https://registry.npmjs.org/mimic-fn/-/mimic-fn-2.1.0.tgz"
    "version" "2.1.0"
  
  "minimatch@3.0.4":
    "integrity" "sha512-yJHVQEhyqPLUTgt9B83PXu6W3rx4MvvHvSUvToogpwoGDOUQ+yDrR0HRot+yOCdCO7u4hX3pWft6kWBBcqh0UA=="
    "resolved" "https://registry.npmjs.org/minimatch/-/minimatch-3.0.4.tgz"
    "version" "3.0.4"
    dependencies:
      "brace-expansion" "^1.1.7"
  
  "minimist@^1.2.0":
    "integrity" "sha512-FM9nNUYrRBAELZQT3xeZQ7fmMOBg6nWNmJKTcgsJeaLstP/UODVpGsr5OhXhhXg6f+qtJ8uiZ+PUxkDWcgIXLw=="
    "resolved" "https://registry.npmjs.org/minimist/-/minimist-1.2.5.tgz"
    "version" "1.2.5"
  
  "ms@2.0.0":
    "integrity" "sha1-VgiurfwAvmwpAd9fmGF4jeDVl8g="
    "resolved" "https://registry.npmjs.org/ms/-/ms-2.0.0.tgz"
    "version" "2.0.0"
  
  "negotiator@0.6.2":
    "integrity" "sha512-hZXc7K2e+PgeI1eDBe/10Ard4ekbfrrqG8Ep+8Jmf4JID2bNg7NvCPOZN+kfF574pFQI7mum2AUqDidoKqcTOw=="
    "resolved" "https://registry.npmjs.org/negotiator/-/negotiator-0.6.2.tgz"
    "version" "0.6.2"
  
  "neo-async@^2.6.2":
    "integrity" "sha512-Yd3UES5mWCSqR+qNT93S3UoYUkqAZ9lLg8a7g9rimsWmYGK8cVToA4/sF3RrshdyV3sAGMXVUmpMYOw+dLpOuw=="
    "resolved" "https://registry.npmjs.org/neo-async/-/neo-async-2.6.2.tgz"
    "version" "2.6.2"
  
  "nice-try@^1.0.4":
    "integrity" "sha512-1nh45deeb5olNY7eX82BkPO7SSxR5SSYJiPTrTdFUVYwAl8CKMA5N9PjTYkHiRjisVcxcQ1HXdLhx2qxxJzLNQ=="
    "resolved" "https://registry.npmjs.org/nice-try/-/nice-try-1.0.5.tgz"
    "version" "1.0.5"
  
  "node-releases@^1.1.71":
    "integrity" "sha512-uW7fodD6pyW2FZNZnp/Z3hvWKeEW1Y8R1+1CnErE8cXFXzl5blBOoVB41CvMer6P6Q0S5FXDwcHgFd1Wj0U9zg=="
    "resolved" "https://registry.npmjs.org/node-releases/-/node-releases-1.1.73.tgz"
    "version" "1.1.73"
  
  "npm-run-path@^2.0.0":
    "integrity" "sha1-NakjLfo11wZ7TLLd8jV7GHFTbF8="
    "resolved" "https://registry.npmjs.org/npm-run-path/-/npm-run-path-2.0.2.tgz"
    "version" "2.0.2"
    dependencies:
      "path-key" "^2.0.0"
  
  "npm-run-path@^4.0.1":
    "integrity" "sha512-S48WzZW777zhNIrn7gxOlISNAqi9ZC/uQFnRdbeIHhZhCA6UqpkOT8T1G7BvfdgP4Er8gF4sUbaS0i7QvIfCWw=="
    "resolved" "https://registry.npmjs.org/npm-run-path/-/npm-run-path-4.0.1.tgz"
    "version" "4.0.1"
    dependencies:
      "path-key" "^3.0.0"
  
  "on-headers@~1.0.1":
    "integrity" "sha512-pZAE+FJLoyITytdqK0U5s+FIpjN0JP3OzFi/u8Rx+EV5/W+JTWGXG8xFzevE7AjBfDqHv/8vL8qQsIhHnqRkrA=="
    "resolved" "https://registry.npmjs.org/on-headers/-/on-headers-1.0.2.tgz"
    "version" "1.0.2"
  
  "once@^1.3.1", "once@^1.4.0":
    "integrity" "sha1-WDsap3WWHUsROsF9nFC6753Xa9E="
    "resolved" "https://registry.npmjs.org/once/-/once-1.4.0.tgz"
    "version" "1.4.0"
    dependencies:
      "wrappy" "1"
  
  "onetime@^5.1.2":
    "integrity" "sha512-kbpaSSGJTWdAY5KPVeMOKXSrPtr8C8C7wodJbcsd51jRnmD+GZu8Y0VoU6Dm5Z4vWr0Ig/1NKuWRKf7j5aaYSg=="
    "resolved" "https://registry.npmjs.org/onetime/-/onetime-5.1.2.tgz"
    "version" "5.1.2"
    dependencies:
      "mimic-fn" "^2.1.0"
  
  "p-finally@^1.0.0":
    "integrity" "sha1-P7z7FbiZpEEjs0ttzBi3JDNqLK4="
    "resolved" "https://registry.npmjs.org/p-finally/-/p-finally-1.0.0.tgz"
    "version" "1.0.0"
  
  "p-limit@^2.2.0":
    "integrity" "sha512-//88mFWSJx8lxCzwdAABTJL2MyWB12+eIY7MDL2SqLmAkeKU9qxRvWuSyTjm3FUmpBEMuFfckAIqEaVGUDxb6w=="
    "resolved" "https://registry.npmjs.org/p-limit/-/p-limit-2.3.0.tgz"
    "version" "2.3.0"
    dependencies:
      "p-try" "^2.0.0"
  
  "p-limit@^3.1.0":
    "integrity" "sha512-TYOanM3wGwNGsZN2cVTYPArw454xnXj5qmWF1bEoAc4+cU/ol7GVh7odevjp1FNHduHc3KZMcFduxU5Xc6uJRQ=="
    "resolved" "https://registry.npmjs.org/p-limit/-/p-limit-3.1.0.tgz"
    "version" "3.1.0"
    dependencies:
      "yocto-queue" "^0.1.0"
  
  "p-locate@^4.1.0":
    "integrity" "sha512-R79ZZ/0wAxKGu3oYMlz8jy/kbhsNrS7SKZ7PxEHBgJ5+F2mtFW2fK2cOtBh1cHYkQsbzFV7I+EoRKe6Yt0oK7A=="
    "resolved" "https://registry.npmjs.org/p-locate/-/p-locate-4.1.0.tgz"
    "version" "4.1.0"
    dependencies:
      "p-limit" "^2.2.0"
  
  "p-try@^2.0.0":
    "integrity" "sha512-R4nPAVTAU0B9D35/Gk3uJf/7XYbQcyohSKdvAxIRSNghFl4e71hVoGnBNQz9cWaXxO2I10KTC+3jMdvvoKw6dQ=="
    "resolved" "https://registry.npmjs.org/p-try/-/p-try-2.2.0.tgz"
    "version" "2.2.0"
  
  "path-exists@^4.0.0":
    "integrity" "sha512-ak9Qy5Q7jYb2Wwcey5Fpvg2KoAc/ZIhLSLOSBmRmygPsGwkVVt0fZa0qrtMz+m6tJTAHfZQ8FnmB4MG4LWy7/w=="
    "resolved" "https://registry.npmjs.org/path-exists/-/path-exists-4.0.0.tgz"
    "version" "4.0.0"
  
  "path-is-inside@1.0.2":
    "integrity" "sha1-NlQX3t5EQw0cEa9hAn+s8HS9/FM="
    "resolved" "https://registry.npmjs.org/path-is-inside/-/path-is-inside-1.0.2.tgz"
    "version" "1.0.2"
  
  "path-key@^2.0.0", "path-key@^2.0.1":
    "integrity" "sha1-QRyttXTFoUDTpLGRDUDYDMn0C0A="
    "resolved" "https://registry.npmjs.org/path-key/-/path-key-2.0.1.tgz"
    "version" "2.0.1"
  
  "path-key@^3.0.0", "path-key@^3.1.0":
    "integrity" "sha512-ojmeN0qd+y0jszEtoY48r0Peq5dwMEkIlCOu6Q5f41lfkswXuKtYrhgoTpLnyIcHm24Uhqx+5Tqm2InSwLhE6Q=="
    "resolved" "https://registry.npmjs.org/path-key/-/path-key-3.1.1.tgz"
    "version" "3.1.1"
  
  "path-parse@^1.0.6":
    "integrity" "sha512-LDJzPVEEEPR+y48z93A0Ed0yXb8pAByGWo/k5YYdYgpY2/2EsOsksJrq7lOHxryrVOn1ejG6oAp8ahvOIQD8sw=="
    "resolved" "https://registry.npmjs.org/path-parse/-/path-parse-1.0.7.tgz"
    "version" "1.0.7"
  
  "path-to-regexp@2.2.1":
    "integrity" "sha512-gu9bD6Ta5bwGrrU8muHzVOBFFREpp2iRkVfhBJahwJ6p6Xw20SjT0MxLnwkjOibQmGSYhiUnf2FLe7k+jcFmGQ=="
    "resolved" "https://registry.npmjs.org/path-to-regexp/-/path-to-regexp-2.2.1.tgz"
    "version" "2.2.1"
  
  "pkg-dir@^4.2.0":
    "integrity" "sha512-HRDzbaKjC+AOWVXxAU/x54COGeIv9eb+6CkDSQoNTt4XyWoIJvuPsXizxu/Fr23EiekbtZwmh1IcIG/l/a10GQ=="
    "resolved" "https://registry.npmjs.org/pkg-dir/-/pkg-dir-4.2.0.tgz"
    "version" "4.2.0"
    dependencies:
      "find-up" "^4.0.0"
  
  "pseudomap@^1.0.2":
    "integrity" "sha1-8FKijacOYYkX7wqKw0wa5aaChrM="
    "resolved" "https://registry.npmjs.org/pseudomap/-/pseudomap-1.0.2.tgz"
    "version" "1.0.2"
  
  "pump@^3.0.0":
    "integrity" "sha512-LwZy+p3SFs1Pytd/jYct4wpv49HiYCqd9Rlc5ZVdk0V+8Yzv6jR5Blk3TRmPL1ft69TxP0IMZGJ+WPFU2BFhww=="
    "resolved" "https://registry.npmjs.org/pump/-/pump-3.0.0.tgz"
    "version" "3.0.0"
    dependencies:
      "end-of-stream" "^1.1.0"
      "once" "^1.3.1"
  
  "punycode@^1.3.2":
    "integrity" "sha1-wNWmOycYgArY4esPpSachN1BhF4="
    "resolved" "https://registry.npmjs.org/punycode/-/punycode-1.4.1.tgz"
    "version" "1.4.1"
  
  "punycode@^2.1.0":
    "integrity" "sha512-XRsRjdf+j5ml+y/6GKHPZbrF/8p2Yga0JPtdqTIY2Xe5ohJPD9saDJJLPvp9+NSBprVvevdXZybnj2cv8OEd0A=="
    "resolved" "https://registry.npmjs.org/punycode/-/punycode-2.1.1.tgz"
    "version" "2.1.1"
  
  "randombytes@^2.1.0":
    "integrity" "sha512-vYl3iOX+4CKUWuxGi9Ukhie6fsqXqS9FE2Zaic4tNFD2N2QQaXOMFbuKK4QmDHC0JO6B1Zp41J0LpT0oR68amQ=="
    "resolved" "https://registry.npmjs.org/randombytes/-/randombytes-2.1.0.tgz"
    "version" "2.1.0"
    dependencies:
      "safe-buffer" "^5.1.0"
  
  "range-parser@1.2.0":
    "integrity" "sha1-9JvmtIeJTdxA3MlKMi9hEJLgDV4="
    "resolved" "https://registry.npmjs.org/range-parser/-/range-parser-1.2.0.tgz"
    "version" "1.2.0"
  
  "rc@^1.0.1", "rc@^1.1.6":
    "integrity" "sha512-y3bGgqKj3QBdxLbLkomlohkvsA8gdAiUQlSBJnBhfn+BPxg4bc62d8TcBW15wavDfgexCgccckhcZvywyQYPOw=="
    "resolved" "https://registry.npmjs.org/rc/-/rc-1.2.8.tgz"
    "version" "1.2.8"
    dependencies:
      "deep-extend" "^0.6.0"
      "ini" "~1.3.0"
      "minimist" "^1.2.0"
      "strip-json-comments" "~2.0.1"
  
  "readable-stream@^3.6.0":
    "integrity" "sha512-BViHy7LKeTz4oNnkcLJ+lVSL6vpiFeX6/d3oSH8zCW7UxP2onchk+vTGB143xuFjHS3deTgkKoXXymXqymiIdA=="
    "resolved" "https://registry.npmjs.org/readable-stream/-/readable-stream-3.6.0.tgz"
    "version" "3.6.0"
    dependencies:
      "inherits" "^2.0.3"
      "string_decoder" "^1.1.1"
      "util-deprecate" "^1.0.1"
  
  "rechoir@^0.7.0":
    "integrity" "sha512-ADsDEH2bvbjltXEP+hTIAmeFekTFK0V2BTxMkok6qILyAJEXV0AFfoWcAq4yfll5VdIMd/RVXq0lR+wQi5ZU3Q=="
    "resolved" "https://registry.npmjs.org/rechoir/-/rechoir-0.7.0.tgz"
    "version" "0.7.0"
    dependencies:
      "resolve" "^1.9.0"
  
  "registry-auth-token@3.3.2":
    "integrity" "sha512-JL39c60XlzCVgNrO+qq68FoNb56w/m7JYvGR2jT5iR1xBrUA3Mfx5Twk5rqTThPmQKMWydGmq8oFtDlxfrmxnQ=="
    "resolved" "https://registry.npmjs.org/registry-auth-token/-/registry-auth-token-3.3.2.tgz"
    "version" "3.3.2"
    dependencies:
      "rc" "^1.1.6"
      "safe-buffer" "^5.0.1"
  
  "registry-url@3.1.0":
    "integrity" "sha1-PU74cPc93h138M+aOBQyRE4XSUI="
    "resolved" "https://registry.npmjs.org/registry-url/-/registry-url-3.1.0.tgz"
    "version" "3.1.0"
    dependencies:
      "rc" "^1.0.1"
  
  "resolve-cwd@^3.0.0":
    "integrity" "sha512-OrZaX2Mb+rJCpH/6CpSqt9xFVpN++x01XnN2ie9g6P5/3xelLAkXWVADpdz1IHD/KFfEXyE6V0U01OQ3UO2rEg=="
    "resolved" "https://registry.npmjs.org/resolve-cwd/-/resolve-cwd-3.0.0.tgz"
    "version" "3.0.0"
    dependencies:
      "resolve-from" "^5.0.0"
  
  "resolve-from@^5.0.0":
    "integrity" "sha512-qYg9KP24dD5qka9J47d0aVky0N+b4fTU89LN9iDnjB5waksiC49rvMB0PrUJQGoTmH50XPiqOvAjDfaijGxYZw=="
    "resolved" "https://registry.npmjs.org/resolve-from/-/resolve-from-5.0.0.tgz"
    "version" "5.0.0"
  
  "resolve@^1.9.0":
    "integrity" "sha512-wENBPt4ySzg4ybFQW2TT1zMQucPK95HSh/nq2CFTZVOGut2+pQvSsgtda4d26YrYcr067wjbmzOG8byDPBX63A=="
    "resolved" "https://registry.npmjs.org/resolve/-/resolve-1.20.0.tgz"
    "version" "1.20.0"
    dependencies:
      "is-core-module" "^2.2.0"
      "path-parse" "^1.0.6"
  
  "safe-buffer@^5.0.1", "safe-buffer@^5.1.0", "safe-buffer@^5.1.2", "safe-buffer@~5.2.0":
    "integrity" "sha512-rp3So07KcdmmKbGvgaNxQSJr7bGVSVk5S9Eq1F+ppbRo70+YeaDxkw5Dd8NPN+GD6bjnYm2VuPuCXmpuYvmCXQ=="
    "resolved" "https://registry.npmjs.org/safe-buffer/-/safe-buffer-5.2.1.tgz"
    "version" "5.2.1"
  
  "safe-buffer@5.1.2":
    "integrity" "sha512-Gd2UZBJDkXlY7GbJxfsE8/nvKkUEU1G38c1siN6QP6a9PT9MmHB8GnpscSmMJSoF8LOIrt8ud/wPtojys4G6+g=="
    "resolved" "https://registry.npmjs.org/safe-buffer/-/safe-buffer-5.1.2.tgz"
    "version" "5.1.2"
  
  "schema-utils@^3.0.0":
    "integrity" "sha512-6D82/xSzO094ajanoOSbe4YvXWMfn2A//8Y1+MUqFAJul5Bs+yn36xbK9OtNDcRVSBJ9jjeoXftM6CfztsjOAA=="
    "resolved" "https://registry.npmjs.org/schema-utils/-/schema-utils-3.0.0.tgz"
    "version" "3.0.0"
    dependencies:
      "@types/json-schema" "^7.0.6"
      "ajv" "^6.12.5"
      "ajv-keywords" "^3.5.2"
  
  "semver@^5.5.0":
    "integrity" "sha512-sauaDf/PZdVgrLTNYHRtpXa1iRiKcaebiKQ1BJdpQlWH2lCvexQdX55snPFyK7QzpudqbCI0qXFfOasHdyNDGQ=="
    "resolved" "https://registry.npmjs.org/semver/-/semver-5.7.1.tgz"
    "version" "5.7.1"
  
  "serialize-javascript@^5.0.1":
    "integrity" "sha512-SaaNal9imEO737H2c05Og0/8LUXG7EnsZyMa8MzkmuHoELfT6txuj0cMqRj6zfPKnmQ1yasR4PCJc8x+M4JSPA=="
    "resolved" "https://registry.npmjs.org/serialize-javascript/-/serialize-javascript-5.0.1.tgz"
    "version" "5.0.1"
    dependencies:
      "randombytes" "^2.1.0"
  
  "serve-handler@6.1.3":
    "integrity" "sha512-FosMqFBNrLyeiIDvP1zgO6YoTzFYHxLDEIavhlmQ+knB2Z7l1t+kGLHkZIDN7UVWqQAmKI3D20A6F6jo3nDd4w=="
    "resolved" "https://registry.npmjs.org/serve-handler/-/serve-handler-6.1.3.tgz"
    "version" "6.1.3"
    dependencies:
      "bytes" "3.0.0"
      "content-disposition" "0.5.2"
      "fast-url-parser" "1.1.3"
      "mime-types" "2.1.18"
      "minimatch" "3.0.4"
      "path-is-inside" "1.0.2"
      "path-to-regexp" "2.2.1"
      "range-parser" "1.2.0"
  
  "serve@^12.0.0":
    "integrity" "sha512-BkTsETQYynAZ7rXX414kg4X6EvuZQS3UVs1NY0VQYdRHSTYWPYcH38nnDh48D0x6ONuislgjag8uKlU2gTBImA=="
    "resolved" "https://registry.npmjs.org/serve/-/serve-12.0.0.tgz"
    "version" "12.0.0"
    dependencies:
      "@zeit/schemas" "2.6.0"
      "ajv" "6.12.6"
      "arg" "2.0.0"
      "boxen" "1.3.0"
      "chalk" "2.4.1"
      "clipboardy" "2.3.0"
      "compression" "1.7.3"
      "serve-handler" "6.1.3"
      "update-check" "1.5.2"
  
  "shallow-clone@^3.0.0":
    "integrity" "sha512-/6KqX+GVUdqPuPPd2LxDDxzX6CAbjJehAAOKlNpqqUpAqPM6HeL8f+o3a+JsyGjn2lv0WY8UsTgUJjU9Ok55NA=="
    "resolved" "https://registry.npmjs.org/shallow-clone/-/shallow-clone-3.0.1.tgz"
    "version" "3.0.1"
    dependencies:
      "kind-of" "^6.0.2"
  
  "shebang-command@^1.2.0":
    "integrity" "sha1-RKrGW2lbAzmJaMOfNj/uXer98eo="
    "resolved" "https://registry.npmjs.org/shebang-command/-/shebang-command-1.2.0.tgz"
    "version" "1.2.0"
    dependencies:
      "shebang-regex" "^1.0.0"
  
  "shebang-command@^2.0.0":
    "integrity" "sha512-kHxr2zZpYtdmrN1qDjrrX/Z1rR1kG8Dx+gkpK1G4eXmvXswmcE1hTWBWYUzlraYw1/yZp6YuDY77YtvbN0dmDA=="
    "resolved" "https://registry.npmjs.org/shebang-command/-/shebang-command-2.0.0.tgz"
    "version" "2.0.0"
    dependencies:
      "shebang-regex" "^3.0.0"
  
  "shebang-regex@^1.0.0":
    "integrity" "sha1-2kL0l0DAtC2yypcoVxyxkMmO/qM="
    "resolved" "https://registry.npmjs.org/shebang-regex/-/shebang-regex-1.0.0.tgz"
    "version" "1.0.0"
  
  "shebang-regex@^3.0.0":
    "integrity" "sha512-7++dFhtcx3353uBaq8DDR4NuxBetBzC7ZQOhmTQInHEd6bSrXdiEyzCvG07Z44UYdLShWUyXt5M/yhz8ekcb1A=="
    "resolved" "https://registry.npmjs.org/shebang-regex/-/shebang-regex-3.0.0.tgz"
    "version" "3.0.0"
  
  "signal-exit@^3.0.0", "signal-exit@^3.0.3":
    "integrity" "sha512-VUJ49FC8U1OxwZLxIbTTrDvLnf/6TDgxZcK8wxR8zs13xpx7xbG60ndBlhNrFi2EMuFRoeDoJO7wthSLq42EjA=="
    "resolved" "https://registry.npmjs.org/signal-exit/-/signal-exit-3.0.3.tgz"
    "version" "3.0.3"
  
  "simple-cbor@^0.4.1":
    "integrity" "sha512-rijcxtwx2b4Bje3sqeIqw5EeW7UlOIC4YfOdwqIKacpvRQ/D78bWg/4/0m5e0U91oKvlGh7LlJuZCu07ISCC7w=="
    "resolved" "https://registry.npmjs.org/simple-cbor/-/simple-cbor-0.4.1.tgz"
    "version" "0.4.1"
  
  "source-list-map@^2.0.1":
    "integrity" "sha512-qnQ7gVMxGNxsiL4lEuJwe/To8UnK7fAnmbGEEH8RpLouuKbeEm0lhbQVFIrNSuB+G7tVrAlVsZgETT5nljf+Iw=="
    "resolved" "https://registry.npmjs.org/source-list-map/-/source-list-map-2.0.1.tgz"
    "version" "2.0.1"
  
  "source-map-support@~0.5.19":
    "integrity" "sha512-Wonm7zOCIJzBGQdB+thsPar0kYuCIzYvxZwlBa87yi/Mdjv7Tip2cyVbLj5o0cFPN4EVkuTwb3GDDyUx2DGnGw=="
    "resolved" "https://registry.npmjs.org/source-map-support/-/source-map-support-0.5.19.tgz"
    "version" "0.5.19"
    dependencies:
      "buffer-from" "^1.0.0"
      "source-map" "^0.6.0"
  
  "source-map@^0.6.0", "source-map@^0.6.1":
    "integrity" "sha512-UjgapumWlbMhkBgzT7Ykc5YXUT46F0iKu8SGXq0bcwP5dz/h0Plj6enJqjz1Zbq2l5WaqYnrVbwWOWMyF3F47g=="
    "resolved" "https://registry.npmjs.org/source-map/-/source-map-0.6.1.tgz"
    "version" "0.6.1"
  
  "source-map@~0.7.2":
    "integrity" "sha512-CkCj6giN3S+n9qrYiBTX5gystlENnRW5jZeNLHpe6aue+SrHcG5VYwujhW9s4dY31mEGsxBDrHR6oI69fTXsaQ=="
    "resolved" "https://registry.npmjs.org/source-map/-/source-map-0.7.3.tgz"
    "version" "0.7.3"
  
  "string_decoder@^1.1.1":
    "integrity" "sha512-hkRX8U1WjJFd8LsDJ2yQ/wWWxaopEsABU1XfkM8A+j0+85JAGppt16cr1Whg6KIbb4okU6Mql6BOj+uup/wKeA=="
    "resolved" "https://registry.npmjs.org/string_decoder/-/string_decoder-1.3.0.tgz"
    "version" "1.3.0"
    dependencies:
      "safe-buffer" "~5.2.0"
  
  "string-width@^2.0.0", "string-width@^2.1.1":
    "integrity" "sha512-nOqH59deCq9SRHlxq1Aw85Jnt4w6KvLKqWVik6oA9ZklXLNIOlqg4F2yrT1MVaTjAqvVwdfeZ7w7aCvJD7ugkw=="
    "resolved" "https://registry.npmjs.org/string-width/-/string-width-2.1.1.tgz"
    "version" "2.1.1"
    dependencies:
      "is-fullwidth-code-point" "^2.0.0"
      "strip-ansi" "^4.0.0"
  
  "strip-ansi@^4.0.0":
    "integrity" "sha1-qEeQIusaw2iocTibY1JixQXuNo8="
    "resolved" "https://registry.npmjs.org/strip-ansi/-/strip-ansi-4.0.0.tgz"
    "version" "4.0.0"
    dependencies:
      "ansi-regex" "^3.0.0"
  
  "strip-eof@^1.0.0":
    "integrity" "sha1-u0P/VZim6wXYm1n80SnJgzE2Br8="
    "resolved" "https://registry.npmjs.org/strip-eof/-/strip-eof-1.0.0.tgz"
    "version" "1.0.0"
  
  "strip-final-newline@^2.0.0":
    "integrity" "sha512-BrpvfNAE3dcvq7ll3xVumzjKjZQ5tI1sEUIKr3Uoks0XUl45St3FlatVqef9prk4jRDzhW6WZg+3bk93y6pLjA=="
    "resolved" "https://registry.npmjs.org/strip-final-newline/-/strip-final-newline-2.0.0.tgz"
    "version" "2.0.0"
  
  "strip-json-comments@~2.0.1":
    "integrity" "sha1-PFMZQukIwml8DsNEhYwobHygpgo="
    "resolved" "https://registry.npmjs.org/strip-json-comments/-/strip-json-comments-2.0.1.tgz"
    "version" "2.0.1"
  
  "supports-color@^5.3.0":
    "integrity" "sha512-QjVjwdXIt408MIiAqCX4oUKsgU2EqAGzs2Ppkm4aQYbjm+ZEWEcW4SfFNTr4uMNZma0ey4f5lgLrkB0aX0QMow=="
    "resolved" "https://registry.npmjs.org/supports-color/-/supports-color-5.5.0.tgz"
    "version" "5.5.0"
    dependencies:
      "has-flag" "^3.0.0"
  
  "supports-color@^8.0.0":
    "integrity" "sha512-MpUEN2OodtUzxvKQl72cUF7RQ5EiHsGvSsVG0ia9c5RbWGL2CI4C7EpPS8UTBIplnlzZiNuV56w+FuNxy3ty2Q=="
    "resolved" "https://registry.npmjs.org/supports-color/-/supports-color-8.1.1.tgz"
    "version" "8.1.1"
    dependencies:
      "has-flag" "^4.0.0"
  
  "tapable@^2.1.1", "tapable@^2.2.0":
    "integrity" "sha512-FBk4IesMV1rBxX2tfiK8RAmogtWn53puLOQlvO8XuwlgxcYbP4mVPS9Ph4aeamSyyVjOl24aYWAuc8U5kCVwMw=="
    "resolved" "https://registry.npmjs.org/tapable/-/tapable-2.2.0.tgz"
    "version" "2.2.0"
  
  "term-size@^1.2.0":
    "integrity" "sha1-RYuDiH8oj8Vtb/+/rSYuJmOO+mk="
    "resolved" "https://registry.npmjs.org/term-size/-/term-size-1.2.0.tgz"
    "version" "1.2.0"
    dependencies:
      "execa" "^0.7.0"
  
  "terser-webpack-plugin@^5.1.1":
    "integrity" "sha512-cxGbMqr6+A2hrIB5ehFIF+F/iST5ZOxvOmy9zih9ySbP1C2oEWQSOUS+2SNBTjzx5xLKO4xnod9eywdfq1Nb9A=="
    "resolved" "https://registry.npmjs.org/terser-webpack-plugin/-/terser-webpack-plugin-5.1.3.tgz"
    "version" "5.1.3"
    dependencies:
      "jest-worker" "^27.0.2"
      "p-limit" "^3.1.0"
      "schema-utils" "^3.0.0"
      "serialize-javascript" "^5.0.1"
      "source-map" "^0.6.1"
      "terser" "^5.7.0"
  
  "terser@^5.7.0":
    "integrity" "sha512-HP5/9hp2UaZt5fYkuhNBR8YyRcT8juw8+uFbAme53iN9hblvKnLUTKkmwJG6ocWpIKf8UK4DoeWG4ty0J6S6/g=="
    "resolved" "https://registry.npmjs.org/terser/-/terser-5.7.0.tgz"
    "version" "5.7.0"
    dependencies:
      "commander" "^2.20.0"
      "source-map" "~0.7.2"
      "source-map-support" "~0.5.19"
  
  "update-check@1.5.2":
    "integrity" "sha512-1TrmYLuLj/5ZovwUS7fFd1jMH3NnFDN1y1A8dboedIDt7zs/zJMo6TwwlhYKkSeEwzleeiSBV5/3c9ufAQWDaQ=="
    "resolved" "https://registry.npmjs.org/update-check/-/update-check-1.5.2.tgz"
    "version" "1.5.2"
    dependencies:
      "registry-auth-token" "3.3.2"
      "registry-url" "3.1.0"
  
  "uri-js@^4.2.2":
    "integrity" "sha512-7rKUyy33Q1yc98pQ1DAmLtwX109F7TIfWlW1Ydo8Wl1ii1SeHieeh0HHfPeL2fMXK6z0s8ecKs9frCuLJvndBg=="
    "resolved" "https://registry.npmjs.org/uri-js/-/uri-js-4.4.1.tgz"
    "version" "4.4.1"
    dependencies:
      "punycode" "^2.1.0"
  
  "util-deprecate@^1.0.1":
    "integrity" "sha1-RQ1Nyfpw3nMnYvvS1KKJgUGaDM8="
    "resolved" "https://registry.npmjs.org/util-deprecate/-/util-deprecate-1.0.2.tgz"
    "version" "1.0.2"
  
  "v8-compile-cache@^2.2.0":
    "integrity" "sha512-l8lCEmLcLYZh4nbunNZvQCJc5pv7+RCwa8q/LdUx8u7lsWvPDKmpodJAJNwkAhJC//dFY48KuIEmjtd4RViDrA=="
    "resolved" "https://registry.npmjs.org/v8-compile-cache/-/v8-compile-cache-2.3.0.tgz"
    "version" "2.3.0"
  
  "vary@~1.1.2":
    "integrity" "sha1-IpnwLG3tMNSllhsLn3RSShj2NPw="
    "resolved" "https://registry.npmjs.org/vary/-/vary-1.1.2.tgz"
    "version" "1.1.2"
  
  "watchpack@^2.2.0":
    "integrity" "sha512-up4YAn/XHgZHIxFBVCdlMiWDj6WaLKpwVeGQk2I5thdYxF/KmF0aaz6TfJZ/hfl1h/XlcDr7k1KH7ThDagpFaA=="
    "resolved" "https://registry.npmjs.org/watchpack/-/watchpack-2.2.0.tgz"
    "version" "2.2.0"
    dependencies:
      "glob-to-regexp" "^0.4.1"
      "graceful-fs" "^4.1.2"
  
  "webpack-cli@^4.7.2", "webpack-cli@4.x.x":
    "integrity" "sha512-mEoLmnmOIZQNiRl0ebnjzQ74Hk0iKS5SiEEnpq3dRezoyR3yPaeQZCMCe+db4524pj1Pd5ghZXjT41KLzIhSLw=="
    "resolved" "https://registry.npmjs.org/webpack-cli/-/webpack-cli-4.7.2.tgz"
    "version" "4.7.2"
    dependencies:
      "@discoveryjs/json-ext" "^0.5.0"
      "@webpack-cli/configtest" "^1.0.4"
      "@webpack-cli/info" "^1.3.0"
      "@webpack-cli/serve" "^1.5.1"
      "colorette" "^1.2.1"
      "commander" "^7.0.0"
      "execa" "^5.0.0"
      "fastest-levenshtein" "^1.0.12"
      "import-local" "^3.0.2"
      "interpret" "^2.2.0"
      "rechoir" "^0.7.0"
      "v8-compile-cache" "^2.2.0"
      "webpack-merge" "^5.7.3"
  
  "webpack-merge@^5.7.3":
    "integrity" "sha512-/SaI7xY0831XwP6kzuwhKWVKDP9t1QY1h65lAFLbZqMPIuYcD9QAW4u9STIbU9kaJbPBB/geU/gLr1wDjOhQ+Q=="
    "resolved" "https://registry.npmjs.org/webpack-merge/-/webpack-merge-5.8.0.tgz"
    "version" "5.8.0"
    dependencies:
      "clone-deep" "^4.0.1"
      "wildcard" "^2.0.0"
  
  "webpack-sources@^2.3.0":
    "integrity" "sha512-WyOdtwSvOML1kbgtXbTDnEW0jkJ7hZr/bDByIwszhWd/4XX1A3XMkrbFMsuH4+/MfLlZCUzlAdg4r7jaGKEIgQ=="
    "resolved" "https://registry.npmjs.org/webpack-sources/-/webpack-sources-2.3.0.tgz"
    "version" "2.3.0"
    dependencies:
      "source-list-map" "^2.0.1"
      "source-map" "^0.6.1"
  
  "webpack@^5.1.0", "webpack@^5.39.0", "webpack@4.x.x || 5.x.x":
    "integrity" "sha512-25CHmuDj+oOTyteI13sUqNlCnjCnySuhiKWE/cRYPQYeoQ3ijHgyWX27CiyUKLNGq27v8S0mrksyTreT/xo7pg=="
    "resolved" "https://registry.npmjs.org/webpack/-/webpack-5.39.0.tgz"
    "version" "5.39.0"
    dependencies:
      "@types/eslint-scope" "^3.7.0"
      "@types/estree" "^0.0.47"
      "@webassemblyjs/ast" "1.11.0"
      "@webassemblyjs/wasm-edit" "1.11.0"
      "@webassemblyjs/wasm-parser" "1.11.0"
      "acorn" "^8.2.1"
      "browserslist" "^4.14.5"
      "chrome-trace-event" "^1.0.2"
      "enhanced-resolve" "^5.8.0"
      "es-module-lexer" "^0.4.0"
      "eslint-scope" "5.1.1"
      "events" "^3.2.0"
      "glob-to-regexp" "^0.4.1"
      "graceful-fs" "^4.2.4"
      "json-parse-better-errors" "^1.0.2"
      "loader-runner" "^4.2.0"
      "mime-types" "^2.1.27"
      "neo-async" "^2.6.2"
      "schema-utils" "^3.0.0"
      "tapable" "^2.1.1"
      "terser-webpack-plugin" "^5.1.1"
      "watchpack" "^2.2.0"
      "webpack-sources" "^2.3.0"
  
  "which@^1.2.9":
    "integrity" "sha512-HxJdYWq1MTIQbJ3nw0cqssHoTNU267KlrDuGZ1WYlxDStUtKUhOaJmh112/TZmHxxUfuJqPXSOm7tDyas0OSIQ=="
    "resolved" "https://registry.npmjs.org/which/-/which-1.3.1.tgz"
    "version" "1.3.1"
    dependencies:
      "isexe" "^2.0.0"
  
  "which@^2.0.1":
    "integrity" "sha512-BLI3Tl1TW3Pvl70l3yq3Y64i+awpwXqsGBYWkkqMtnbXgrMD+yj7rhW0kuEDxzJaYXGjEW5ogapKNMEKNMjibA=="
    "resolved" "https://registry.npmjs.org/which/-/which-2.0.2.tgz"
    "version" "2.0.2"
    dependencies:
      "isexe" "^2.0.0"
  
  "widest-line@^2.0.0":
    "integrity" "sha512-Ba5m9/Fa4Xt9eb2ELXt77JxVDV8w7qQrH0zS/TWSJdLyAwQjWoOzpzj5lwVftDz6n/EOu3tNACS84v509qwnJA=="
    "resolved" "https://registry.npmjs.org/widest-line/-/widest-line-2.0.1.tgz"
    "version" "2.0.1"
    dependencies:
      "string-width" "^2.1.1"
  
  "wildcard@^2.0.0":
    "integrity" "sha512-JcKqAHLPxcdb9KM49dufGXn2x3ssnfjbcaQdLlfZsL9rH9wgDQjUtDxbo8NE0F6SFvydeu1VhZe7hZuHsB2/pw=="
    "resolved" "https://registry.npmjs.org/wildcard/-/wildcard-2.0.0.tgz"
    "version" "2.0.0"
  
  "wrappy@1":
    "integrity" "sha1-tSQ9jz7BqjXxNkYFvA0QNuMKtp8="
    "resolved" "https://registry.npmjs.org/wrappy/-/wrappy-1.0.2.tgz"
    "version" "1.0.2"
  
  "yallist@^2.1.2":
    "integrity" "sha1-HBH5IY8HYImkfdUS+TxmmaaoHVI="
    "resolved" "https://registry.npmjs.org/yallist/-/yallist-2.1.2.tgz"
    "version" "2.1.2"
  
  "yocto-queue@^0.1.0":
    "integrity" "sha512-rVksvsnNCdJ/ohGc6xgPwyN8eheCxsiLM8mxuE/t/mOVqJewPuO1miLpTHQiRgTKCLexL4MeAFVagts7HmNZ2Q=="
    "resolved" "https://registry.npmjs.org/yocto-queue/-/yocto-queue-0.1.0.tgz"
    "version" "0.1.0"

Trace: 
  Error: Command "rm" not found. Did you mean "rc"?
      at new MessageError (/mnt/c/Users/Stephen Andrews/AppData/Roaming/npm/node_modules/yarn/lib/cli.js:186:110)
      at /mnt/c/Users/Stephen Andrews/AppData/Roaming/npm/node_modules/yarn/lib/cli.js:87307:17
      at Generator.next (<anonymous>)
      at step (/mnt/c/Users/Stephen Andrews/AppData/Roaming/npm/node_modules/yarn/lib/cli.js:98:30)
      at /mnt/c/Users/Stephen Andrews/AppData/Roaming/npm/node_modules/yarn/lib/cli.js:116:14
      at new Promise (<anonymous>)
      at new F (/mnt/c/Users/Stephen Andrews/AppData/Roaming/npm/node_modules/yarn/lib/cli.js:23451:28)
      at /mnt/c/Users/Stephen Andrews/AppData/Roaming/npm/node_modules/yarn/lib/cli.js:95:12
      at runCommand (/mnt/c/Users/Stephen Andrews/AppData/Roaming/npm/node_modules/yarn/lib/cli.js:87312:22)
      at Object.<anonymous> (/mnt/c/Users/Stephen Andrews/AppData/Roaming/npm/node_modules/yarn/lib/cli.js:87412:14)
